{"total": {"lines":{"total":22496,"covered":9271,"skipped":0,"pct":41.21},"statements":{"total":24425,"covered":9616,"skipped":0,"pct":39.36},"functions":{"total":3289,"covered":820,"skipped":0,"pct":24.93},"branches":{"total":21132,"covered":4016,"skipped":0,"pct":19},"branchesTrue":{"total":0,"covered":0,"skipped":0,"pct":100}}
,"/Users/Path/Desktop/Lokesh/HIRE-NEW-V1/backend/index.js": {"lines":{"total":513,"covered":168,"skipped":0,"pct":32.74},"functions":{"total":60,"covered":5,"skipped":0,"pct":8.33},"statements":{"total":548,"covered":169,"skipped":0,"pct":30.83},"branches":{"total":401,"covered":48,"skipped":0,"pct":11.97}}
,"/Users/Path/Desktop/Lokesh/HIRE-NEW-V1/backend/config/cityMatchProfiles.js": {"lines":{"total":5,"covered":5,"skipped":0,"pct":100},"functions":{"total":0,"covered":0,"skipped":0,"pct":100},"statements":{"total":5,"covered":5,"skipped":0,"pct":100},"branches":{"total":0,"covered":0,"skipped":0,"pct":100}}
,"/Users/Path/Desktop/Lokesh/HIRE-NEW-V1/backend/config/currencyConfig.js": {"lines":{"total":25,"covered":18,"skipped":0,"pct":72},"functions":{"total":6,"covered":4,"skipped":0,"pct":66.66},"statements":{"total":30,"covered":21,"skipped":0,"pct":70},"branches":{"total":30,"covered":15,"skipped":0,"pct":50}}
,"/Users/Path/Desktop/Lokesh/HIRE-NEW-V1/backend/config/db.js": {"lines":{"total":76,"covered":54,"skipped":0,"pct":71.05},"functions":{"total":11,"covered":7,"skipped":0,"pct":63.63},"statements":{"total":84,"covered":55,"skipped":0,"pct":65.47},"branches":{"total":78,"covered":39,"skipped":0,"pct":50}}
,"/Users/Path/Desktop/Lokesh/HIRE-NEW-V1/backend/config/env.js": {"lines":{"total":94,"covered":36,"skipped":0,"pct":38.29},"functions":{"total":7,"covered":2,"skipped":0,"pct":28.57},"statements":{"total":105,"covered":37,"skipped":0,"pct":35.23},"branches":{"total":142,"covered":32,"skipped":0,"pct":22.53}}
,"/Users/Path/Desktop/Lokesh/HIRE-NEW-V1/backend/config/featureFlags.js": {"lines":{"total":21,"covered":10,"skipped":0,"pct":47.61},"functions":{"total":6,"covered":0,"skipped":0,"pct":0},"statements":{"total":29,"covered":10,"skipped":0,"pct":34.48},"branches":{"total":14,"covered":0,"skipped":0,"pct":0}}
,"/Users/Path/Desktop/Lokesh/HIRE-NEW-V1/backend/config/matchDynamicThresholds.js": {"lines":{"total":12,"covered":12,"skipped":0,"pct":100},"functions":{"total":2,"covered":2,"skipped":0,"pct":100},"statements":{"total":13,"covered":12,"skipped":0,"pct":92.3},"branches":{"total":9,"covered":4,"skipped":0,"pct":44.44}}
,"/Users/Path/Desktop/Lokesh/HIRE-NEW-V1/backend/config/matchQualityTargets.js": {"lines":{"total":8,"covered":5,"skipped":0,"pct":62.5},"functions":{"total":2,"covered":2,"skipped":0,"pct":100},"statements":{"total":11,"covered":7,"skipped":0,"pct":63.63},"branches":{"total":10,"covered":5,"skipped":0,"pct":50}}
,"/Users/Path/Desktop/Lokesh/HIRE-NEW-V1/backend/config/multiRegion.js": {"lines":{"total":24,"covered":17,"skipped":0,"pct":70.83},"functions":{"total":7,"covered":5,"skipped":0,"pct":71.42},"statements":{"total":29,"covered":20,"skipped":0,"pct":68.96},"branches":{"total":27,"covered":15,"skipped":0,"pct":55.55}}
,"/Users/Path/Desktop/Lokesh/HIRE-NEW-V1/backend/config/redis.js": {"lines":{"total":288,"covered":29,"skipped":0,"pct":10.06},"functions":{"total":118,"covered":1,"skipped":0,"pct":0.84},"statements":{"total":336,"covered":29,"skipped":0,"pct":8.63},"branches":{"total":190,"covered":20,"skipped":0,"pct":10.52}}
,"/Users/Path/Desktop/Lokesh/HIRE-NEW-V1/backend/config/region.js": {"lines":{"total":15,"covered":12,"skipped":0,"pct":80},"functions":{"total":2,"covered":2,"skipped":0,"pct":100},"statements":{"total":16,"covered":13,"skipped":0,"pct":81.25},"branches":{"total":31,"covered":24,"skipped":0,"pct":77.41}}
,"/Users/Path/Desktop/Lokesh/HIRE-NEW-V1/backend/config/smartInterviewSlotConfig.js": {"lines":{"total":8,"covered":8,"skipped":0,"pct":100},"functions":{"total":0,"covered":0,"skipped":0,"pct":100},"statements":{"total":8,"covered":8,"skipped":0,"pct":100},"branches":{"total":0,"covered":0,"skipped":0,"pct":100}}
,"/Users/Path/Desktop/Lokesh/HIRE-NEW-V1/backend/controllers/adminAuthController.js": {"lines":{"total":38,"covered":5,"skipped":0,"pct":13.15},"functions":{"total":2,"covered":0,"skipped":0,"pct":0},"statements":{"total":38,"covered":5,"skipped":0,"pct":13.15},"branches":{"total":28,"covered":0,"skipped":0,"pct":0}}
,"/Users/Path/Desktop/Lokesh/HIRE-NEW-V1/backend/controllers/adminController.js": {"lines":{"total":318,"covered":55,"skipped":0,"pct":17.29},"functions":{"total":38,"covered":0,"skipped":0,"pct":0},"statements":{"total":329,"covered":55,"skipped":0,"pct":16.71},"branches":{"total":240,"covered":0,"skipped":0,"pct":0}}
,"/Users/Path/Desktop/Lokesh/HIRE-NEW-V1/backend/controllers/agentMarketplaceController.js": {"lines":{"total":35,"covered":6,"skipped":0,"pct":17.14},"functions":{"total":3,"covered":0,"skipped":0,"pct":0},"statements":{"total":35,"covered":6,"skipped":0,"pct":17.14},"branches":{"total":47,"covered":0,"skipped":0,"pct":0}}
,"/Users/Path/Desktop/Lokesh/HIRE-NEW-V1/backend/controllers/aiOptimizationController.js": {"lines":{"total":108,"covered":24,"skipped":0,"pct":22.22},"functions":{"total":12,"covered":0,"skipped":0,"pct":0},"statements":{"total":108,"covered":24,"skipped":0,"pct":22.22},"branches":{"total":85,"covered":0,"skipped":0,"pct":0}}
,"/Users/Path/Desktop/Lokesh/HIRE-NEW-V1/backend/controllers/analyticsController.js": {"lines":{"total":250,"covered":38,"skipped":0,"pct":15.2},"functions":{"total":33,"covered":0,"skipped":0,"pct":0},"statements":{"total":265,"covered":38,"skipped":0,"pct":14.33},"branches":{"total":221,"covered":0,"skipped":0,"pct":0}}
,"/Users/Path/Desktop/Lokesh/HIRE-NEW-V1/backend/controllers/applicationController.js": {"lines":{"total":217,"covered":79,"skipped":0,"pct":36.4},"functions":{"total":32,"covered":8,"skipped":0,"pct":25},"statements":{"total":238,"covered":80,"skipped":0,"pct":33.61},"branches":{"total":243,"covered":60,"skipped":0,"pct":24.69}}
,"/Users/Path/Desktop/Lokesh/HIRE-NEW-V1/backend/controllers/betaFeedbackController.js": {"lines":{"total":32,"covered":20,"skipped":0,"pct":62.5},"functions":{"total":2,"covered":1,"skipped":0,"pct":50},"statements":{"total":32,"covered":20,"skipped":0,"pct":62.5},"branches":{"total":20,"covered":11,"skipped":0,"pct":55}}
,"/Users/Path/Desktop/Lokesh/HIRE-NEW-V1/backend/controllers/chatController.js": {"lines":{"total":68,"covered":26,"skipped":0,"pct":38.23},"functions":{"total":6,"covered":1,"skipped":0,"pct":16.66},"statements":{"total":68,"covered":26,"skipped":0,"pct":38.23},"branches":{"total":34,"covered":8,"skipped":0,"pct":23.52}}
,"/Users/Path/Desktop/Lokesh/HIRE-NEW-V1/backend/controllers/embedController.js": {"lines":{"total":33,"covered":6,"skipped":0,"pct":18.18},"functions":{"total":5,"covered":0,"skipped":0,"pct":0},"statements":{"total":38,"covered":6,"skipped":0,"pct":15.78},"branches":{"total":40,"covered":0,"skipped":0,"pct":0}}
,"/Users/Path/Desktop/Lokesh/HIRE-NEW-V1/backend/controllers/employerController.js": {"lines":{"total":53,"covered":17,"skipped":0,"pct":32.07},"functions":{"total":8,"covered":1,"skipped":0,"pct":12.5},"statements":{"total":55,"covered":17,"skipped":0,"pct":30.9},"branches":{"total":30,"covered":4,"skipped":0,"pct":13.33}}
,"/Users/Path/Desktop/Lokesh/HIRE-NEW-V1/backend/controllers/eventController.js": {"lines":{"total":20,"covered":5,"skipped":0,"pct":25},"functions":{"total":3,"covered":0,"skipped":0,"pct":0},"statements":{"total":20,"covered":5,"skipped":0,"pct":25},"branches":{"total":8,"covered":0,"skipped":0,"pct":0}}
,"/Users/Path/Desktop/Lokesh/HIRE-NEW-V1/backend/controllers/externalApiController.js": {"lines":{"total":102,"covered":15,"skipped":0,"pct":14.7},"functions":{"total":13,"covered":0,"skipped":0,"pct":0},"statements":{"total":112,"covered":15,"skipped":0,"pct":13.39},"branches":{"total":95,"covered":0,"skipped":0,"pct":0}}
,"/Users/Path/Desktop/Lokesh/HIRE-NEW-V1/backend/controllers/externalDashboardController.js": {"lines":{"total":159,"covered":32,"skipped":0,"pct":20.12},"functions":{"total":22,"covered":0,"skipped":0,"pct":0},"statements":{"total":163,"covered":32,"skipped":0,"pct":19.63},"branches":{"total":166,"covered":0,"skipped":0,"pct":0}}
,"/Users/Path/Desktop/Lokesh/HIRE-NEW-V1/backend/controllers/financialController.js": {"lines":{"total":181,"covered":40,"skipped":0,"pct":22.09},"functions":{"total":32,"covered":0,"skipped":0,"pct":0},"statements":{"total":184,"covered":40,"skipped":0,"pct":21.73},"branches":{"total":84,"covered":0,"skipped":0,"pct":0}}
,"/Users/Path/Desktop/Lokesh/HIRE-NEW-V1/backend/controllers/growthController.js": {"lines":{"total":223,"covered":71,"skipped":0,"pct":31.83},"functions":{"total":28,"covered":4,"skipped":0,"pct":14.28},"statements":{"total":238,"covered":72,"skipped":0,"pct":30.25},"branches":{"total":165,"covered":23,"skipped":0,"pct":13.93}}
,"/Users/Path/Desktop/Lokesh/HIRE-NEW-V1/backend/controllers/insightController.js": {"lines":{"total":64,"covered":11,"skipped":0,"pct":17.18},"functions":{"total":16,"covered":0,"skipped":0,"pct":0},"statements":{"total":67,"covered":11,"skipped":0,"pct":16.41},"branches":{"total":38,"covered":0,"skipped":0,"pct":0}}
,"/Users/Path/Desktop/Lokesh/HIRE-NEW-V1/backend/controllers/integrationController.js": {"lines":{"total":25,"covered":6,"skipped":0,"pct":24},"functions":{"total":4,"covered":0,"skipped":0,"pct":0},"statements":{"total":25,"covered":6,"skipped":0,"pct":24},"branches":{"total":16,"covered":0,"skipped":0,"pct":0}}
,"/Users/Path/Desktop/Lokesh/HIRE-NEW-V1/backend/controllers/interviewScheduleController.js": {"lines":{"total":98,"covered":14,"skipped":0,"pct":14.28},"functions":{"total":6,"covered":0,"skipped":0,"pct":0},"statements":{"total":99,"covered":14,"skipped":0,"pct":14.14},"branches":{"total":68,"covered":0,"skipped":0,"pct":0}}
,"/Users/Path/Desktop/Lokesh/HIRE-NEW-V1/backend/controllers/jobController.js": {"lines":{"total":380,"covered":51,"skipped":0,"pct":13.42},"functions":{"total":38,"covered":0,"skipped":0,"pct":0},"statements":{"total":402,"covered":51,"skipped":0,"pct":12.68},"branches":{"total":443,"covered":0,"skipped":0,"pct":0}}
,"/Users/Path/Desktop/Lokesh/HIRE-NEW-V1/backend/controllers/matchingController.js": {"lines":{"total":359,"covered":58,"skipped":0,"pct":16.15},"functions":{"total":62,"covered":1,"skipped":0,"pct":1.61},"statements":{"total":387,"covered":58,"skipped":0,"pct":14.98},"branches":{"total":502,"covered":5,"skipped":0,"pct":0.99}}
,"/Users/Path/Desktop/Lokesh/HIRE-NEW-V1/backend/controllers/moatController.js": {"lines":{"total":135,"covered":28,"skipped":0,"pct":20.74},"functions":{"total":19,"covered":0,"skipped":0,"pct":0},"statements":{"total":135,"covered":28,"skipped":0,"pct":20.74},"branches":{"total":106,"covered":0,"skipped":0,"pct":0}}
,"/Users/Path/Desktop/Lokesh/HIRE-NEW-V1/backend/controllers/notificationController.js": {"lines":{"total":42,"covered":8,"skipped":0,"pct":19.04},"functions":{"total":5,"covered":0,"skipped":0,"pct":0},"statements":{"total":42,"covered":8,"skipped":0,"pct":19.04},"branches":{"total":12,"covered":0,"skipped":0,"pct":0}}
,"/Users/Path/Desktop/Lokesh/HIRE-NEW-V1/backend/controllers/offerController.js": {"lines":{"total":103,"covered":15,"skipped":0,"pct":14.56},"functions":{"total":7,"covered":0,"skipped":0,"pct":0},"statements":{"total":104,"covered":15,"skipped":0,"pct":14.42},"branches":{"total":75,"covered":0,"skipped":0,"pct":0}}
,"/Users/Path/Desktop/Lokesh/HIRE-NEW-V1/backend/controllers/orgController.js": {"lines":{"total":59,"covered":9,"skipped":0,"pct":15.25},"functions":{"total":4,"covered":0,"skipped":0,"pct":0},"statements":{"total":59,"covered":9,"skipped":0,"pct":15.25},"branches":{"total":38,"covered":0,"skipped":0,"pct":0}}
,"/Users/Path/Desktop/Lokesh/HIRE-NEW-V1/backend/controllers/paymentController.js": {"lines":{"total":75,"covered":18,"skipped":0,"pct":24},"functions":{"total":15,"covered":0,"skipped":0,"pct":0},"statements":{"total":85,"covered":18,"skipped":0,"pct":21.17},"branches":{"total":68,"covered":0,"skipped":0,"pct":0}}
,"/Users/Path/Desktop/Lokesh/HIRE-NEW-V1/backend/controllers/platformAdminController.js": {"lines":{"total":68,"covered":13,"skipped":0,"pct":19.11},"functions":{"total":7,"covered":0,"skipped":0,"pct":0},"statements":{"total":73,"covered":13,"skipped":0,"pct":17.8},"branches":{"total":72,"covered":0,"skipped":0,"pct":0}}
,"/Users/Path/Desktop/Lokesh/HIRE-NEW-V1/backend/controllers/platformController.js": {"lines":{"total":101,"covered":73,"skipped":0,"pct":72.27},"functions":{"total":8,"covered":8,"skipped":0,"pct":100},"statements":{"total":106,"covered":76,"skipped":0,"pct":71.69},"branches":{"total":172,"covered":99,"skipped":0,"pct":57.55}}
,"/Users/Path/Desktop/Lokesh/HIRE-NEW-V1/backend/controllers/privacyController.js": {"lines":{"total":51,"covered":8,"skipped":0,"pct":15.68},"functions":{"total":6,"covered":0,"skipped":0,"pct":0},"statements":{"total":52,"covered":8,"skipped":0,"pct":15.38},"branches":{"total":52,"covered":0,"skipped":0,"pct":0}}
,"/Users/Path/Desktop/Lokesh/HIRE-NEW-V1/backend/controllers/publicApiController.js": {"lines":{"total":97,"covered":18,"skipped":0,"pct":18.55},"functions":{"total":11,"covered":0,"skipped":0,"pct":0},"statements":{"total":102,"covered":18,"skipped":0,"pct":17.64},"branches":{"total":123,"covered":6,"skipped":0,"pct":4.87}}
,"/Users/Path/Desktop/Lokesh/HIRE-NEW-V1/backend/controllers/publicV3Controller.js": {"lines":{"total":139,"covered":23,"skipped":0,"pct":16.54},"functions":{"total":15,"covered":0,"skipped":0,"pct":0},"statements":{"total":141,"covered":23,"skipped":0,"pct":16.31},"branches":{"total":175,"covered":0,"skipped":0,"pct":0}}
,"/Users/Path/Desktop/Lokesh/HIRE-NEW-V1/backend/controllers/reportController.js": {"lines":{"total":12,"covered":3,"skipped":0,"pct":25},"functions":{"total":1,"covered":0,"skipped":0,"pct":0},"statements":{"total":12,"covered":3,"skipped":0,"pct":25},"branches":{"total":13,"covered":0,"skipped":0,"pct":0}}
,"/Users/Path/Desktop/Lokesh/HIRE-NEW-V1/backend/controllers/reputationController.js": {"lines":{"total":100,"covered":22,"skipped":0,"pct":22},"functions":{"total":15,"covered":0,"skipped":0,"pct":0},"statements":{"total":106,"covered":22,"skipped":0,"pct":20.75},"branches":{"total":55,"covered":0,"skipped":0,"pct":0}}
,"/Users/Path/Desktop/Lokesh/HIRE-NEW-V1/backend/controllers/sdkController.js": {"lines":{"total":6,"covered":3,"skipped":0,"pct":50},"functions":{"total":1,"covered":0,"skipped":0,"pct":0},"statements":{"total":6,"covered":3,"skipped":0,"pct":50},"branches":{"total":0,"covered":0,"skipped":0,"pct":100}}
,"/Users/Path/Desktop/Lokesh/HIRE-NEW-V1/backend/controllers/settingsController.js": {"lines":{"total":424,"covered":158,"skipped":0,"pct":37.26},"functions":{"total":38,"covered":14,"skipped":0,"pct":36.84},"statements":{"total":449,"covered":160,"skipped":0,"pct":35.63},"branches":{"total":531,"covered":110,"skipped":0,"pct":20.71}}
,"/Users/Path/Desktop/Lokesh/HIRE-NEW-V1/backend/controllers/strategicAnalyticsController.js": {"lines":{"total":34,"covered":8,"skipped":0,"pct":23.52},"functions":{"total":5,"covered":0,"skipped":0,"pct":0},"statements":{"total":39,"covered":8,"skipped":0,"pct":20.51},"branches":{"total":24,"covered":0,"skipped":0,"pct":0}}
,"/Users/Path/Desktop/Lokesh/HIRE-NEW-V1/backend/controllers/subscriptionController.js": {"lines":{"total":20,"covered":4,"skipped":0,"pct":20},"functions":{"total":2,"covered":0,"skipped":0,"pct":0},"statements":{"total":20,"covered":4,"skipped":0,"pct":20},"branches":{"total":14,"covered":0,"skipped":0,"pct":0}}
,"/Users/Path/Desktop/Lokesh/HIRE-NEW-V1/backend/controllers/userController.js": {"lines":{"total":304,"covered":141,"skipped":0,"pct":46.38},"functions":{"total":29,"covered":12,"skipped":0,"pct":41.37},"statements":{"total":320,"covered":147,"skipped":0,"pct":45.93},"branches":{"total":217,"covered":90,"skipped":0,"pct":41.47}}
,"/Users/Path/Desktop/Lokesh/HIRE-NEW-V1/backend/controllers/widgetController.js": {"lines":{"total":41,"covered":8,"skipped":0,"pct":19.51},"functions":{"total":6,"covered":0,"skipped":0,"pct":0},"statements":{"total":43,"covered":8,"skipped":0,"pct":18.6},"branches":{"total":43,"covered":0,"skipped":0,"pct":0}}
,"/Users/Path/Desktop/Lokesh/HIRE-NEW-V1/backend/cron/matchRetrainCheck.js": {"lines":{"total":93,"covered":80,"skipped":0,"pct":86.02},"functions":{"total":13,"covered":10,"skipped":0,"pct":76.92},"statements":{"total":102,"covered":86,"skipped":0,"pct":84.31},"branches":{"total":97,"covered":60,"skipped":0,"pct":61.85}}
,"/Users/Path/Desktop/Lokesh/HIRE-NEW-V1/backend/match/applyProbabilisticOverlay.js": {"lines":{"total":38,"covered":9,"skipped":0,"pct":23.68},"functions":{"total":5,"covered":0,"skipped":0,"pct":0},"statements":{"total":42,"covered":9,"skipped":0,"pct":21.42},"branches":{"total":81,"covered":0,"skipped":0,"pct":0}}
,"/Users/Path/Desktop/Lokesh/HIRE-NEW-V1/backend/match/cityBalancingLayer.js": {"lines":{"total":24,"covered":22,"skipped":0,"pct":91.66},"functions":{"total":2,"covered":2,"skipped":0,"pct":100},"statements":{"total":25,"covered":22,"skipped":0,"pct":88},"branches":{"total":22,"covered":11,"skipped":0,"pct":50}}
,"/Users/Path/Desktop/Lokesh/HIRE-NEW-V1/backend/match/matchEngineV2.js": {"lines":{"total":254,"covered":201,"skipped":0,"pct":79.13},"functions":{"total":35,"covered":30,"skipped":0,"pct":85.71},"statements":{"total":292,"covered":225,"skipped":0,"pct":77.05},"branches":{"total":388,"covered":224,"skipped":0,"pct":57.73}}
,"/Users/Path/Desktop/Lokesh/HIRE-NEW-V1/backend/match/matchModelCalibration.js": {"lines":{"total":96,"covered":93,"skipped":0,"pct":96.87},"functions":{"total":14,"covered":14,"skipped":0,"pct":100},"statements":{"total":106,"covered":99,"skipped":0,"pct":93.39},"branches":{"total":76,"covered":48,"skipped":0,"pct":63.15}}
,"/Users/Path/Desktop/Lokesh/HIRE-NEW-V1/backend/match/matchProbabilistic.js": {"lines":{"total":112,"covered":78,"skipped":0,"pct":69.64},"functions":{"total":19,"covered":15,"skipped":0,"pct":78.94},"statements":{"total":128,"covered":89,"skipped":0,"pct":69.53},"branches":{"total":137,"covered":50,"skipped":0,"pct":36.49}}
,"/Users/Path/Desktop/Lokesh/HIRE-NEW-V1/backend/match/probabilisticFeatures.js": {"lines":{"total":32,"covered":32,"skipped":0,"pct":100},"functions":{"total":8,"covered":8,"skipped":0,"pct":100},"statements":{"total":37,"covered":36,"skipped":0,"pct":97.29},"branches":{"total":51,"covered":26,"skipped":0,"pct":50.98}}
,"/Users/Path/Desktop/Lokesh/HIRE-NEW-V1/backend/middleware/abuseDefenseMiddleware.js": {"lines":{"total":13,"covered":3,"skipped":0,"pct":23.07},"functions":{"total":2,"covered":1,"skipped":0,"pct":50},"statements":{"total":14,"covered":4,"skipped":0,"pct":28.57},"branches":{"total":9,"covered":0,"skipped":0,"pct":0}}
,"/Users/Path/Desktop/Lokesh/HIRE-NEW-V1/backend/middleware/adaptiveLoadMiddleware.js": {"lines":{"total":43,"covered":17,"skipped":0,"pct":39.53},"functions":{"total":7,"covered":1,"skipped":0,"pct":14.28},"statements":{"total":46,"covered":17,"skipped":0,"pct":36.95},"branches":{"total":32,"covered":9,"skipped":0,"pct":28.12}}
,"/Users/Path/Desktop/Lokesh/HIRE-NEW-V1/backend/middleware/adminControlMiddleware.js": {"lines":{"total":18,"covered":4,"skipped":0,"pct":22.22},"functions":{"total":1,"covered":0,"skipped":0,"pct":0},"statements":{"total":18,"covered":4,"skipped":0,"pct":22.22},"branches":{"total":14,"covered":0,"skipped":0,"pct":0}}
,"/Users/Path/Desktop/Lokesh/HIRE-NEW-V1/backend/middleware/applicationTransitionGuard.js": {"lines":{"total":21,"covered":4,"skipped":0,"pct":19.04},"functions":{"total":1,"covered":0,"skipped":0,"pct":0},"statements":{"total":21,"covered":4,"skipped":0,"pct":19.04},"branches":{"total":10,"covered":0,"skipped":0,"pct":0}}
,"/Users/Path/Desktop/Lokesh/HIRE-NEW-V1/backend/middleware/authMiddleware.js": {"lines":{"total":68,"covered":57,"skipped":0,"pct":83.82},"functions":{"total":6,"covered":5,"skipped":0,"pct":83.33},"statements":{"total":71,"covered":59,"skipped":0,"pct":83.09},"branches":{"total":65,"covered":41,"skipped":0,"pct":63.07}}
,"/Users/Path/Desktop/Lokesh/HIRE-NEW-V1/backend/middleware/edgeCdnPolicyMiddleware.js": {"lines":{"total":7,"covered":7,"skipped":0,"pct":100},"functions":{"total":1,"covered":1,"skipped":0,"pct":100},"statements":{"total":7,"covered":7,"skipped":0,"pct":100},"branches":{"total":5,"covered":5,"skipped":0,"pct":100}}
,"/Users/Path/Desktop/Lokesh/HIRE-NEW-V1/backend/middleware/errorMiddleware.js": {"lines":{"total":39,"covered":6,"skipped":0,"pct":15.38},"functions":{"total":5,"covered":0,"skipped":0,"pct":0},"statements":{"total":39,"covered":6,"skipped":0,"pct":15.38},"branches":{"total":46,"covered":0,"skipped":0,"pct":0}}
,"/Users/Path/Desktop/Lokesh/HIRE-NEW-V1/backend/middleware/externalApiMiddleware.js": {"lines":{"total":66,"covered":43,"skipped":0,"pct":65.15},"functions":{"total":7,"covered":4,"skipped":0,"pct":57.14},"statements":{"total":67,"covered":43,"skipped":0,"pct":64.17},"branches":{"total":68,"covered":26,"skipped":0,"pct":38.23}}
,"/Users/Path/Desktop/Lokesh/HIRE-NEW-V1/backend/middleware/featureFlagMiddleware.js": {"lines":{"total":9,"covered":3,"skipped":0,"pct":33.33},"functions":{"total":2,"covered":1,"skipped":0,"pct":50},"statements":{"total":10,"covered":4,"skipped":0,"pct":40},"branches":{"total":5,"covered":0,"skipped":0,"pct":0}}
,"/Users/Path/Desktop/Lokesh/HIRE-NEW-V1/backend/middleware/platformApiMiddleware.js": {"lines":{"total":83,"covered":62,"skipped":0,"pct":74.69},"functions":{"total":12,"covered":8,"skipped":0,"pct":66.66},"statements":{"total":89,"covered":64,"skipped":0,"pct":71.91},"branches":{"total":92,"covered":46,"skipped":0,"pct":50}}
,"/Users/Path/Desktop/Lokesh/HIRE-NEW-V1/backend/middleware/publicApiV3Middleware.js": {"lines":{"total":108,"covered":71,"skipped":0,"pct":65.74},"functions":{"total":11,"covered":7,"skipped":0,"pct":63.63},"statements":{"total":112,"covered":72,"skipped":0,"pct":64.28},"branches":{"total":88,"covered":42,"skipped":0,"pct":47.72}}
,"/Users/Path/Desktop/Lokesh/HIRE-NEW-V1/backend/middleware/rateLimiters.js": {"lines":{"total":46,"covered":19,"skipped":0,"pct":41.3},"functions":{"total":15,"covered":2,"skipped":0,"pct":13.33},"statements":{"total":52,"covered":20,"skipped":0,"pct":38.46},"branches":{"total":46,"covered":16,"skipped":0,"pct":34.78}}
,"/Users/Path/Desktop/Lokesh/HIRE-NEW-V1/backend/middleware/requestContext.js": {"lines":{"total":39,"covered":34,"skipped":0,"pct":87.17},"functions":{"total":6,"covered":4,"skipped":0,"pct":66.66},"statements":{"total":42,"covered":35,"skipped":0,"pct":83.33},"branches":{"total":35,"covered":23,"skipped":0,"pct":65.71}}
,"/Users/Path/Desktop/Lokesh/HIRE-NEW-V1/backend/middleware/requestSanitizer.js": {"lines":{"total":29,"covered":24,"skipped":0,"pct":82.75},"functions":{"total":5,"covered":5,"skipped":0,"pct":100},"statements":{"total":34,"covered":24,"skipped":0,"pct":70.58},"branches":{"total":22,"covered":12,"skipped":0,"pct":54.54}}
,"/Users/Path/Desktop/Lokesh/HIRE-NEW-V1/backend/middleware/tenantIsolationMiddleware.js": {"lines":{"total":12,"covered":5,"skipped":0,"pct":41.66},"functions":{"total":4,"covered":1,"skipped":0,"pct":25},"statements":{"total":13,"covered":6,"skipped":0,"pct":46.15},"branches":{"total":21,"covered":3,"skipped":0,"pct":14.28}}
,"/Users/Path/Desktop/Lokesh/HIRE-NEW-V1/backend/middleware/trustGuardMiddleware.js": {"lines":{"total":13,"covered":3,"skipped":0,"pct":23.07},"functions":{"total":2,"covered":1,"skipped":0,"pct":50},"statements":{"total":14,"covered":4,"skipped":0,"pct":28.57},"branches":{"total":10,"covered":0,"skipped":0,"pct":0}}
,"/Users/Path/Desktop/Lokesh/HIRE-NEW-V1/backend/middleware/validate.js": {"lines":{"total":24,"covered":13,"skipped":0,"pct":54.16},"functions":{"total":4,"covered":2,"skipped":0,"pct":50},"statements":{"total":25,"covered":13,"skipped":0,"pct":52},"branches":{"total":25,"covered":5,"skipped":0,"pct":20}}
,"/Users/Path/Desktop/Lokesh/HIRE-NEW-V1/backend/models/AbuseSignal.js": {"lines":{"total":5,"covered":5,"skipped":0,"pct":100},"functions":{"total":0,"covered":0,"skipped":0,"pct":100},"statements":{"total":5,"covered":5,"skipped":0,"pct":100},"branches":{"total":0,"covered":0,"skipped":0,"pct":100}}
,"/Users/Path/Desktop/Lokesh/HIRE-NEW-V1/backend/models/AdaptiveMatchWeightProfile.js": {"lines":{"total":4,"covered":4,"skipped":0,"pct":100},"functions":{"total":0,"covered":0,"skipped":0,"pct":100},"statements":{"total":4,"covered":4,"skipped":0,"pct":100},"branches":{"total":0,"covered":0,"skipped":0,"pct":100}}
,"/Users/Path/Desktop/Lokesh/HIRE-NEW-V1/backend/models/AdminUser.js": {"lines":{"total":10,"covered":6,"skipped":0,"pct":60},"functions":{"total":2,"covered":0,"skipped":0,"pct":0},"statements":{"total":11,"covered":6,"skipped":0,"pct":54.54},"branches":{"total":6,"covered":0,"skipped":0,"pct":0}}
,"/Users/Path/Desktop/Lokesh/HIRE-NEW-V1/backend/models/Agent.js": {"lines":{"total":6,"covered":6,"skipped":0,"pct":100},"functions":{"total":0,"covered":0,"skipped":0,"pct":100},"statements":{"total":6,"covered":6,"skipped":0,"pct":100},"branches":{"total":0,"covered":0,"skipped":0,"pct":100}}
,"/Users/Path/Desktop/Lokesh/HIRE-NEW-V1/backend/models/AgentExecutionLog.js": {"lines":{"total":5,"covered":5,"skipped":0,"pct":100},"functions":{"total":0,"covered":0,"skipped":0,"pct":100},"statements":{"total":5,"covered":5,"skipped":0,"pct":100},"branches":{"total":0,"covered":0,"skipped":0,"pct":100}}
,"/Users/Path/Desktop/Lokesh/HIRE-NEW-V1/backend/models/AiUsageMetric.js": {"lines":{"total":5,"covered":5,"skipped":0,"pct":100},"functions":{"total":0,"covered":0,"skipped":0,"pct":100},"statements":{"total":5,"covered":5,"skipped":0,"pct":100},"branches":{"total":0,"covered":0,"skipped":0,"pct":100}}
,"/Users/Path/Desktop/Lokesh/HIRE-NEW-V1/backend/models/AnalyticsEvent.js": {"lines":{"total":35,"covered":9,"skipped":0,"pct":25.71},"functions":{"total":7,"covered":0,"skipped":0,"pct":0},"statements":{"total":43,"covered":9,"skipped":0,"pct":20.93},"branches":{"total":42,"covered":0,"skipped":0,"pct":0}}
,"/Users/Path/Desktop/Lokesh/HIRE-NEW-V1/backend/models/ApiAuditLog.js": {"lines":{"total":5,"covered":5,"skipped":0,"pct":100},"functions":{"total":0,"covered":0,"skipped":0,"pct":100},"statements":{"total":5,"covered":5,"skipped":0,"pct":100},"branches":{"total":0,"covered":0,"skipped":0,"pct":100}}
,"/Users/Path/Desktop/Lokesh/HIRE-NEW-V1/backend/models/ApiBillingUsage.js": {"lines":{"total":5,"covered":5,"skipped":0,"pct":100},"functions":{"total":0,"covered":0,"skipped":0,"pct":100},"statements":{"total":5,"covered":5,"skipped":0,"pct":100},"branches":{"total":0,"covered":0,"skipped":0,"pct":100}}
,"/Users/Path/Desktop/Lokesh/HIRE-NEW-V1/backend/models/ApiKey.js": {"lines":{"total":50,"covered":16,"skipped":0,"pct":32},"functions":{"total":5,"covered":0,"skipped":0,"pct":0},"statements":{"total":54,"covered":16,"skipped":0,"pct":29.62},"branches":{"total":61,"covered":0,"skipped":0,"pct":0}}
,"/Users/Path/Desktop/Lokesh/HIRE-NEW-V1/backend/models/Application.js": {"lines":{"total":50,"covered":29,"skipped":0,"pct":58},"functions":{"total":1,"covered":1,"skipped":0,"pct":100},"statements":{"total":54,"covered":29,"skipped":0,"pct":53.7},"branches":{"total":32,"covered":4,"skipped":0,"pct":12.5}}
,"/Users/Path/Desktop/Lokesh/HIRE-NEW-V1/backend/models/ApplicationTransitionLog.js": {"lines":{"total":7,"covered":7,"skipped":0,"pct":100},"functions":{"total":0,"covered":0,"skipped":0,"pct":100},"statements":{"total":7,"covered":7,"skipped":0,"pct":100},"branches":{"total":0,"covered":0,"skipped":0,"pct":100}}
,"/Users/Path/Desktop/Lokesh/HIRE-NEW-V1/backend/models/ArchivedEventEnvelope.js": {"lines":{"total":6,"covered":6,"skipped":0,"pct":100},"functions":{"total":0,"covered":0,"skipped":0,"pct":100},"statements":{"total":6,"covered":6,"skipped":0,"pct":100},"branches":{"total":0,"covered":0,"skipped":0,"pct":100}}
,"/Users/Path/Desktop/Lokesh/HIRE-NEW-V1/backend/models/Assessment.js": {"lines":{"total":3,"covered":3,"skipped":0,"pct":100},"functions":{"total":0,"covered":0,"skipped":0,"pct":100},"statements":{"total":3,"covered":3,"skipped":0,"pct":100},"branches":{"total":0,"covered":0,"skipped":0,"pct":100}}
,"/Users/Path/Desktop/Lokesh/HIRE-NEW-V1/backend/models/BackgroundJob.js": {"lines":{"total":4,"covered":4,"skipped":0,"pct":100},"functions":{"total":0,"covered":0,"skipped":0,"pct":100},"statements":{"total":4,"covered":4,"skipped":0,"pct":100},"branches":{"total":0,"covered":0,"skipped":0,"pct":100}}
,"/Users/Path/Desktop/Lokesh/HIRE-NEW-V1/backend/models/BadgeDefinition.js": {"lines":{"total":4,"covered":4,"skipped":0,"pct":100},"functions":{"total":0,"covered":0,"skipped":0,"pct":100},"statements":{"total":4,"covered":4,"skipped":0,"pct":100},"branches":{"total":0,"covered":0,"skipped":0,"pct":100}}
,"/Users/Path/Desktop/Lokesh/HIRE-NEW-V1/backend/models/BetaCode.js": {"lines":{"total":3,"covered":3,"skipped":0,"pct":100},"functions":{"total":0,"covered":0,"skipped":0,"pct":100},"statements":{"total":3,"covered":3,"skipped":0,"pct":100},"branches":{"total":0,"covered":0,"skipped":0,"pct":100}}
,"/Users/Path/Desktop/Lokesh/HIRE-NEW-V1/backend/models/BetaFeedback.js": {"lines":{"total":3,"covered":3,"skipped":0,"pct":100},"functions":{"total":0,"covered":0,"skipped":0,"pct":100},"statements":{"total":3,"covered":3,"skipped":0,"pct":100},"branches":{"total":0,"covered":0,"skipped":0,"pct":100}}
,"/Users/Path/Desktop/Lokesh/HIRE-NEW-V1/backend/models/Bounty.js": {"lines":{"total":14,"covered":7,"skipped":0,"pct":50},"functions":{"total":1,"covered":0,"skipped":0,"pct":0},"statements":{"total":14,"covered":7,"skipped":0,"pct":50},"branches":{"total":9,"covered":0,"skipped":0,"pct":0}}
,"/Users/Path/Desktop/Lokesh/HIRE-NEW-V1/backend/models/CallSession.js": {"lines":{"total":5,"covered":5,"skipped":0,"pct":100},"functions":{"total":0,"covered":0,"skipped":0,"pct":100},"statements":{"total":5,"covered":5,"skipped":0,"pct":100},"branches":{"total":0,"covered":0,"skipped":0,"pct":100}}
,"/Users/Path/Desktop/Lokesh/HIRE-NEW-V1/backend/models/ChatNote.js": {"lines":{"total":11,"covered":5,"skipped":0,"pct":45.45},"functions":{"total":1,"covered":0,"skipped":0,"pct":0},"statements":{"total":11,"covered":5,"skipped":0,"pct":45.45},"branches":{"total":6,"covered":0,"skipped":0,"pct":0}}
,"/Users/Path/Desktop/Lokesh/HIRE-NEW-V1/backend/models/Circle.js": {"lines":{"total":25,"covered":8,"skipped":0,"pct":32},"functions":{"total":4,"covered":0,"skipped":0,"pct":0},"statements":{"total":28,"covered":8,"skipped":0,"pct":28.57},"branches":{"total":18,"covered":0,"skipped":0,"pct":0}}
,"/Users/Path/Desktop/Lokesh/HIRE-NEW-V1/backend/models/CirclePost.js": {"lines":{"total":4,"covered":4,"skipped":0,"pct":100},"functions":{"total":0,"covered":0,"skipped":0,"pct":100},"statements":{"total":4,"covered":4,"skipped":0,"pct":100},"branches":{"total":0,"covered":0,"skipped":0,"pct":100}}
,"/Users/Path/Desktop/Lokesh/HIRE-NEW-V1/backend/models/CityEmployerPipeline.js": {"lines":{"total":5,"covered":5,"skipped":0,"pct":100},"functions":{"total":0,"covered":0,"skipped":0,"pct":100},"statements":{"total":5,"covered":5,"skipped":0,"pct":100},"branches":{"total":0,"covered":0,"skipped":0,"pct":100}}
,"/Users/Path/Desktop/Lokesh/HIRE-NEW-V1/backend/models/CityExpansionSignal.js": {"lines":{"total":4,"covered":4,"skipped":0,"pct":100},"functions":{"total":0,"covered":0,"skipped":0,"pct":100},"statements":{"total":4,"covered":4,"skipped":0,"pct":100},"branches":{"total":0,"covered":0,"skipped":0,"pct":100}}
,"/Users/Path/Desktop/Lokesh/HIRE-NEW-V1/backend/models/CityHiringDailySnapshot.js": {"lines":{"total":4,"covered":4,"skipped":0,"pct":100},"functions":{"total":0,"covered":0,"skipped":0,"pct":100},"statements":{"total":4,"covered":4,"skipped":0,"pct":100},"branches":{"total":0,"covered":0,"skipped":0,"pct":100}}
,"/Users/Path/Desktop/Lokesh/HIRE-NEW-V1/backend/models/CityLiquidityScore.js": {"lines":{"total":4,"covered":4,"skipped":0,"pct":100},"functions":{"total":0,"covered":0,"skipped":0,"pct":100},"statements":{"total":4,"covered":4,"skipped":0,"pct":100},"branches":{"total":0,"covered":0,"skipped":0,"pct":100}}
,"/Users/Path/Desktop/Lokesh/HIRE-NEW-V1/backend/models/CitySkillGraph.js": {"lines":{"total":4,"covered":4,"skipped":0,"pct":100},"functions":{"total":0,"covered":0,"skipped":0,"pct":100},"statements":{"total":4,"covered":4,"skipped":0,"pct":100},"branches":{"total":0,"covered":0,"skipped":0,"pct":100}}
,"/Users/Path/Desktop/Lokesh/HIRE-NEW-V1/backend/models/CohortAnalyticsWeekly.js": {"lines":{"total":7,"covered":7,"skipped":0,"pct":100},"functions":{"total":0,"covered":0,"skipped":0,"pct":100},"statements":{"total":7,"covered":7,"skipped":0,"pct":100},"branches":{"total":0,"covered":0,"skipped":0,"pct":100}}
,"/Users/Path/Desktop/Lokesh/HIRE-NEW-V1/backend/models/CommissionConfig.js": {"lines":{"total":4,"covered":4,"skipped":0,"pct":100},"functions":{"total":0,"covered":0,"skipped":0,"pct":100},"statements":{"total":4,"covered":4,"skipped":0,"pct":100},"branches":{"total":0,"covered":0,"skipped":0,"pct":100}}
,"/Users/Path/Desktop/Lokesh/HIRE-NEW-V1/backend/models/CommunityTrustScore.js": {"lines":{"total":4,"covered":4,"skipped":0,"pct":100},"functions":{"total":0,"covered":0,"skipped":0,"pct":100},"statements":{"total":4,"covered":4,"skipped":0,"pct":100},"branches":{"total":0,"covered":0,"skipped":0,"pct":100}}
,"/Users/Path/Desktop/Lokesh/HIRE-NEW-V1/backend/models/CompanyFollow.js": {"lines":{"total":4,"covered":4,"skipped":0,"pct":100},"functions":{"total":0,"covered":0,"skipped":0,"pct":100},"statements":{"total":4,"covered":4,"skipped":0,"pct":100},"branches":{"total":0,"covered":0,"skipped":0,"pct":100}}
,"/Users/Path/Desktop/Lokesh/HIRE-NEW-V1/backend/models/CompetitiveThreatSignal.js": {"lines":{"total":5,"covered":5,"skipped":0,"pct":100},"functions":{"total":0,"covered":0,"skipped":0,"pct":100},"statements":{"total":5,"covered":5,"skipped":0,"pct":100},"branches":{"total":0,"covered":0,"skipped":0,"pct":100}}
,"/Users/Path/Desktop/Lokesh/HIRE-NEW-V1/backend/models/ConversionMilestone.js": {"lines":{"total":4,"covered":4,"skipped":0,"pct":100},"functions":{"total":0,"covered":0,"skipped":0,"pct":100},"statements":{"total":4,"covered":4,"skipped":0,"pct":100},"branches":{"total":0,"covered":0,"skipped":0,"pct":100}}
,"/Users/Path/Desktop/Lokesh/HIRE-NEW-V1/backend/models/Course.js": {"lines":{"total":6,"covered":6,"skipped":0,"pct":100},"functions":{"total":0,"covered":0,"skipped":0,"pct":100},"statements":{"total":6,"covered":6,"skipped":0,"pct":100},"branches":{"total":0,"covered":0,"skipped":0,"pct":100}}
,"/Users/Path/Desktop/Lokesh/HIRE-NEW-V1/backend/models/CreditWallet.js": {"lines":{"total":7,"covered":5,"skipped":0,"pct":71.42},"functions":{"total":1,"covered":0,"skipped":0,"pct":0},"statements":{"total":7,"covered":5,"skipped":0,"pct":71.42},"branches":{"total":0,"covered":0,"skipped":0,"pct":100}}
,"/Users/Path/Desktop/Lokesh/HIRE-NEW-V1/backend/models/DailyEngagementMetrics.js": {"lines":{"total":6,"covered":6,"skipped":0,"pct":100},"functions":{"total":0,"covered":0,"skipped":0,"pct":100},"statements":{"total":6,"covered":6,"skipped":0,"pct":100},"branches":{"total":0,"covered":0,"skipped":0,"pct":100}}
,"/Users/Path/Desktop/Lokesh/HIRE-NEW-V1/backend/models/DailyFinancialMetrics.js": {"lines":{"total":7,"covered":7,"skipped":0,"pct":100},"functions":{"total":0,"covered":0,"skipped":0,"pct":100},"statements":{"total":7,"covered":7,"skipped":0,"pct":100},"branches":{"total":0,"covered":0,"skipped":0,"pct":100}}
,"/Users/Path/Desktop/Lokesh/HIRE-NEW-V1/backend/models/DailyJobMetrics.js": {"lines":{"total":6,"covered":6,"skipped":0,"pct":100},"functions":{"total":0,"covered":0,"skipped":0,"pct":100},"statements":{"total":6,"covered":6,"skipped":0,"pct":100},"branches":{"total":0,"covered":0,"skipped":0,"pct":100}}
,"/Users/Path/Desktop/Lokesh/HIRE-NEW-V1/backend/models/DailyMetrics.js": {"lines":{"total":3,"covered":3,"skipped":0,"pct":100},"functions":{"total":0,"covered":0,"skipped":0,"pct":100},"statements":{"total":3,"covered":3,"skipped":0,"pct":100},"branches":{"total":0,"covered":0,"skipped":0,"pct":100}}
,"/Users/Path/Desktop/Lokesh/HIRE-NEW-V1/backend/models/DailyPerformanceMetrics.js": {"lines":{"total":6,"covered":6,"skipped":0,"pct":100},"functions":{"total":0,"covered":0,"skipped":0,"pct":100},"statements":{"total":6,"covered":6,"skipped":0,"pct":100},"branches":{"total":0,"covered":0,"skipped":0,"pct":100}}
,"/Users/Path/Desktop/Lokesh/HIRE-NEW-V1/backend/models/DailyRegionMetrics.js": {"lines":{"total":7,"covered":7,"skipped":0,"pct":100},"functions":{"total":0,"covered":0,"skipped":0,"pct":100},"statements":{"total":7,"covered":7,"skipped":0,"pct":100},"branches":{"total":0,"covered":0,"skipped":0,"pct":100}}
,"/Users/Path/Desktop/Lokesh/HIRE-NEW-V1/backend/models/DailyTrustMetrics.js": {"lines":{"total":6,"covered":6,"skipped":0,"pct":100},"functions":{"total":0,"covered":0,"skipped":0,"pct":100},"statements":{"total":6,"covered":6,"skipped":0,"pct":100},"branches":{"total":0,"covered":0,"skipped":0,"pct":100}}
,"/Users/Path/Desktop/Lokesh/HIRE-NEW-V1/backend/models/DailyUserMetrics.js": {"lines":{"total":6,"covered":6,"skipped":0,"pct":100},"functions":{"total":0,"covered":0,"skipped":0,"pct":100},"statements":{"total":6,"covered":6,"skipped":0,"pct":100},"branches":{"total":0,"covered":0,"skipped":0,"pct":100}}
,"/Users/Path/Desktop/Lokesh/HIRE-NEW-V1/backend/models/Dispute.js": {"lines":{"total":4,"covered":4,"skipped":0,"pct":100},"functions":{"total":0,"covered":0,"skipped":0,"pct":100},"statements":{"total":4,"covered":4,"skipped":0,"pct":100},"branches":{"total":0,"covered":0,"skipped":0,"pct":100}}
,"/Users/Path/Desktop/Lokesh/HIRE-NEW-V1/backend/models/EmployerProfile.js": {"lines":{"total":5,"covered":5,"skipped":0,"pct":100},"functions":{"total":0,"covered":0,"skipped":0,"pct":100},"statements":{"total":5,"covered":5,"skipped":0,"pct":100},"branches":{"total":0,"covered":0,"skipped":0,"pct":100}}
,"/Users/Path/Desktop/Lokesh/HIRE-NEW-V1/backend/models/EmployerSegmentSnapshotDaily.js": {"lines":{"total":7,"covered":7,"skipped":0,"pct":100},"functions":{"total":0,"covered":0,"skipped":0,"pct":100},"statements":{"total":7,"covered":7,"skipped":0,"pct":100},"branches":{"total":0,"covered":0,"skipped":0,"pct":100}}
,"/Users/Path/Desktop/Lokesh/HIRE-NEW-V1/backend/models/EmployerTier.js": {"lines":{"total":4,"covered":4,"skipped":0,"pct":100},"functions":{"total":0,"covered":0,"skipped":0,"pct":100},"statements":{"total":4,"covered":4,"skipped":0,"pct":100},"branches":{"total":0,"covered":0,"skipped":0,"pct":100}}
,"/Users/Path/Desktop/Lokesh/HIRE-NEW-V1/backend/models/Endorsement.js": {"lines":{"total":6,"covered":6,"skipped":0,"pct":100},"functions":{"total":0,"covered":0,"skipped":0,"pct":100},"statements":{"total":6,"covered":6,"skipped":0,"pct":100},"branches":{"total":0,"covered":0,"skipped":0,"pct":100}}
,"/Users/Path/Desktop/Lokesh/HIRE-NEW-V1/backend/models/EnterpriseWorkspace.js": {"lines":{"total":7,"covered":7,"skipped":0,"pct":100},"functions":{"total":0,"covered":0,"skipped":0,"pct":100},"statements":{"total":7,"covered":7,"skipped":0,"pct":100},"branches":{"total":0,"covered":0,"skipped":0,"pct":100}}
,"/Users/Path/Desktop/Lokesh/HIRE-NEW-V1/backend/models/Escrow.js": {"lines":{"total":6,"covered":6,"skipped":0,"pct":100},"functions":{"total":0,"covered":0,"skipped":0,"pct":100},"statements":{"total":6,"covered":6,"skipped":0,"pct":100},"branches":{"total":0,"covered":0,"skipped":0,"pct":100}}
,"/Users/Path/Desktop/Lokesh/HIRE-NEW-V1/backend/models/Event.js": {"lines":{"total":9,"covered":9,"skipped":0,"pct":100},"functions":{"total":1,"covered":1,"skipped":0,"pct":100},"statements":{"total":9,"covered":9,"skipped":0,"pct":100},"branches":{"total":10,"covered":5,"skipped":0,"pct":50}}
,"/Users/Path/Desktop/Lokesh/HIRE-NEW-V1/backend/models/EventEnvelope.js": {"lines":{"total":6,"covered":6,"skipped":0,"pct":100},"functions":{"total":0,"covered":0,"skipped":0,"pct":100},"statements":{"total":6,"covered":6,"skipped":0,"pct":100},"branches":{"total":0,"covered":0,"skipped":0,"pct":100}}
,"/Users/Path/Desktop/Lokesh/HIRE-NEW-V1/backend/models/Experiment.js": {"lines":{"total":3,"covered":3,"skipped":0,"pct":100},"functions":{"total":0,"covered":0,"skipped":0,"pct":100},"statements":{"total":3,"covered":3,"skipped":0,"pct":100},"branches":{"total":0,"covered":0,"skipped":0,"pct":100}}
,"/Users/Path/Desktop/Lokesh/HIRE-NEW-V1/backend/models/FeatureFlag.js": {"lines":{"total":4,"covered":4,"skipped":0,"pct":100},"functions":{"total":0,"covered":0,"skipped":0,"pct":100},"statements":{"total":4,"covered":4,"skipped":0,"pct":100},"branches":{"total":0,"covered":0,"skipped":0,"pct":100}}
,"/Users/Path/Desktop/Lokesh/HIRE-NEW-V1/backend/models/FinancialAuditLog.js": {"lines":{"total":11,"covered":11,"skipped":0,"pct":100},"functions":{"total":1,"covered":0,"skipped":0,"pct":0},"statements":{"total":12,"covered":11,"skipped":0,"pct":91.66},"branches":{"total":0,"covered":0,"skipped":0,"pct":100}}
,"/Users/Path/Desktop/Lokesh/HIRE-NEW-V1/backend/models/FinancialTransaction.js": {"lines":{"total":14,"covered":14,"skipped":0,"pct":100},"functions":{"total":1,"covered":0,"skipped":0,"pct":0},"statements":{"total":15,"covered":14,"skipped":0,"pct":93.33},"branches":{"total":0,"covered":0,"skipped":0,"pct":100}}
,"/Users/Path/Desktop/Lokesh/HIRE-NEW-V1/backend/models/FraudFlag.js": {"lines":{"total":4,"covered":4,"skipped":0,"pct":100},"functions":{"total":0,"covered":0,"skipped":0,"pct":100},"statements":{"total":4,"covered":4,"skipped":0,"pct":100},"branches":{"total":0,"covered":0,"skipped":0,"pct":100}}
,"/Users/Path/Desktop/Lokesh/HIRE-NEW-V1/backend/models/FunnelAnalyticsDaily.js": {"lines":{"total":6,"covered":6,"skipped":0,"pct":100},"functions":{"total":0,"covered":0,"skipped":0,"pct":100},"statements":{"total":6,"covered":6,"skipped":0,"pct":100},"branches":{"total":0,"covered":0,"skipped":0,"pct":100}}
,"/Users/Path/Desktop/Lokesh/HIRE-NEW-V1/backend/models/GrowthFunnelEvent.js": {"lines":{"total":10,"covered":9,"skipped":0,"pct":90},"functions":{"total":1,"covered":0,"skipped":0,"pct":0},"statements":{"total":10,"covered":9,"skipped":0,"pct":90},"branches":{"total":11,"covered":0,"skipped":0,"pct":0}}
,"/Users/Path/Desktop/Lokesh/HIRE-NEW-V1/backend/models/GrowthMetrics.js": {"lines":{"total":4,"covered":4,"skipped":0,"pct":100},"functions":{"total":0,"covered":0,"skipped":0,"pct":100},"statements":{"total":4,"covered":4,"skipped":0,"pct":100},"branches":{"total":0,"covered":0,"skipped":0,"pct":100}}
,"/Users/Path/Desktop/Lokesh/HIRE-NEW-V1/backend/models/HireFeedback.js": {"lines":{"total":6,"covered":6,"skipped":0,"pct":100},"functions":{"total":0,"covered":0,"skipped":0,"pct":100},"statements":{"total":6,"covered":6,"skipped":0,"pct":100},"branches":{"total":0,"covered":0,"skipped":0,"pct":100}}
,"/Users/Path/Desktop/Lokesh/HIRE-NEW-V1/backend/models/HireRecord.js": {"lines":{"total":8,"covered":8,"skipped":0,"pct":100},"functions":{"total":1,"covered":0,"skipped":0,"pct":0},"statements":{"total":9,"covered":8,"skipped":0,"pct":88.88},"branches":{"total":2,"covered":2,"skipped":0,"pct":100}}
,"/Users/Path/Desktop/Lokesh/HIRE-NEW-V1/backend/models/HiringLifecycleEvent.js": {"lines":{"total":11,"covered":10,"skipped":0,"pct":90.9},"functions":{"total":1,"covered":0,"skipped":0,"pct":0},"statements":{"total":11,"covered":10,"skipped":0,"pct":90.9},"branches":{"total":17,"covered":0,"skipped":0,"pct":0}}
,"/Users/Path/Desktop/Lokesh/HIRE-NEW-V1/backend/models/HiringTrajectoryModel.js": {"lines":{"total":5,"covered":5,"skipped":0,"pct":100},"functions":{"total":0,"covered":0,"skipped":0,"pct":100},"statements":{"total":5,"covered":5,"skipped":0,"pct":100},"branches":{"total":0,"covered":0,"skipped":0,"pct":100}}
,"/Users/Path/Desktop/Lokesh/HIRE-NEW-V1/backend/models/IdempotencyKey.js": {"lines":{"total":4,"covered":3,"skipped":0,"pct":75},"functions":{"total":1,"covered":0,"skipped":0,"pct":0},"statements":{"total":4,"covered":3,"skipped":0,"pct":75},"branches":{"total":0,"covered":0,"skipped":0,"pct":100}}
,"/Users/Path/Desktop/Lokesh/HIRE-NEW-V1/backend/models/Integration.js": {"lines":{"total":6,"covered":6,"skipped":0,"pct":100},"functions":{"total":0,"covered":0,"skipped":0,"pct":100},"statements":{"total":6,"covered":6,"skipped":0,"pct":100},"branches":{"total":0,"covered":0,"skipped":0,"pct":100}}
,"/Users/Path/Desktop/Lokesh/HIRE-NEW-V1/backend/models/IntegrationToken.js": {"lines":{"total":4,"covered":4,"skipped":0,"pct":100},"functions":{"total":0,"covered":0,"skipped":0,"pct":100},"statements":{"total":4,"covered":4,"skipped":0,"pct":100},"branches":{"total":0,"covered":0,"skipped":0,"pct":100}}
,"/Users/Path/Desktop/Lokesh/HIRE-NEW-V1/backend/models/InterviewProcessingJob.js": {"lines":{"total":7,"covered":7,"skipped":0,"pct":100},"functions":{"total":0,"covered":0,"skipped":0,"pct":100},"statements":{"total":7,"covered":7,"skipped":0,"pct":100},"branches":{"total":0,"covered":0,"skipped":0,"pct":100}}
,"/Users/Path/Desktop/Lokesh/HIRE-NEW-V1/backend/models/InterviewQualityScore.js": {"lines":{"total":5,"covered":5,"skipped":0,"pct":100},"functions":{"total":0,"covered":0,"skipped":0,"pct":100},"statements":{"total":5,"covered":5,"skipped":0,"pct":100},"branches":{"total":0,"covered":0,"skipped":0,"pct":100}}
,"/Users/Path/Desktop/Lokesh/HIRE-NEW-V1/backend/models/InterviewSchedule.js": {"lines":{"total":6,"covered":6,"skipped":0,"pct":100},"functions":{"total":0,"covered":0,"skipped":0,"pct":100},"statements":{"total":6,"covered":6,"skipped":0,"pct":100},"branches":{"total":0,"covered":0,"skipped":0,"pct":100}}
,"/Users/Path/Desktop/Lokesh/HIRE-NEW-V1/backend/models/InterviewSignal.js": {"lines":{"total":3,"covered":3,"skipped":0,"pct":100},"functions":{"total":0,"covered":0,"skipped":0,"pct":100},"statements":{"total":3,"covered":3,"skipped":0,"pct":100},"branches":{"total":0,"covered":0,"skipped":0,"pct":100}}
,"/Users/Path/Desktop/Lokesh/HIRE-NEW-V1/backend/models/Job.js": {"lines":{"total":38,"covered":35,"skipped":0,"pct":92.1},"functions":{"total":2,"covered":2,"skipped":0,"pct":100},"statements":{"total":38,"covered":35,"skipped":0,"pct":92.1},"branches":{"total":30,"covered":20,"skipped":0,"pct":66.66}}
,"/Users/Path/Desktop/Lokesh/HIRE-NEW-V1/backend/models/LegalConfig.js": {"lines":{"total":4,"covered":4,"skipped":0,"pct":100},"functions":{"total":0,"covered":0,"skipped":0,"pct":100},"statements":{"total":4,"covered":4,"skipped":0,"pct":100},"branches":{"total":0,"covered":0,"skipped":0,"pct":100}}
,"/Users/Path/Desktop/Lokesh/HIRE-NEW-V1/backend/models/MarketAnomaly.js": {"lines":{"total":5,"covered":5,"skipped":0,"pct":100},"functions":{"total":0,"covered":0,"skipped":0,"pct":100},"statements":{"total":5,"covered":5,"skipped":0,"pct":100},"branches":{"total":0,"covered":0,"skipped":0,"pct":100}}
,"/Users/Path/Desktop/Lokesh/HIRE-NEW-V1/backend/models/MatchFeedback.js": {"lines":{"total":5,"covered":5,"skipped":0,"pct":100},"functions":{"total":0,"covered":0,"skipped":0,"pct":100},"statements":{"total":5,"covered":5,"skipped":0,"pct":100},"branches":{"total":0,"covered":0,"skipped":0,"pct":100}}
,"/Users/Path/Desktop/Lokesh/HIRE-NEW-V1/backend/models/MatchLog.js": {"lines":{"total":3,"covered":3,"skipped":0,"pct":100},"functions":{"total":0,"covered":0,"skipped":0,"pct":100},"statements":{"total":3,"covered":3,"skipped":0,"pct":100},"branches":{"total":0,"covered":0,"skipped":0,"pct":100}}
,"/Users/Path/Desktop/Lokesh/HIRE-NEW-V1/backend/models/MatchModel.js": {"lines":{"total":5,"covered":5,"skipped":0,"pct":100},"functions":{"total":0,"covered":0,"skipped":0,"pct":100},"statements":{"total":5,"covered":5,"skipped":0,"pct":100},"branches":{"total":0,"covered":0,"skipped":0,"pct":100}}
,"/Users/Path/Desktop/Lokesh/HIRE-NEW-V1/backend/models/MatchModelCalibration.js": {"lines":{"total":6,"covered":6,"skipped":0,"pct":100},"functions":{"total":0,"covered":0,"skipped":0,"pct":100},"statements":{"total":6,"covered":6,"skipped":0,"pct":100},"branches":{"total":0,"covered":0,"skipped":0,"pct":100}}
,"/Users/Path/Desktop/Lokesh/HIRE-NEW-V1/backend/models/MatchModelReport.js": {"lines":{"total":4,"covered":4,"skipped":0,"pct":100},"functions":{"total":0,"covered":0,"skipped":0,"pct":100},"statements":{"total":4,"covered":4,"skipped":0,"pct":100},"branches":{"total":0,"covered":0,"skipped":0,"pct":100}}
,"/Users/Path/Desktop/Lokesh/HIRE-NEW-V1/backend/models/MatchOutcomeModel.js": {"lines":{"total":5,"covered":5,"skipped":0,"pct":100},"functions":{"total":0,"covered":0,"skipped":0,"pct":100},"statements":{"total":5,"covered":5,"skipped":0,"pct":100},"branches":{"total":0,"covered":0,"skipped":0,"pct":100}}
,"/Users/Path/Desktop/Lokesh/HIRE-NEW-V1/backend/models/MatchPerformanceMetric.js": {"lines":{"total":6,"covered":6,"skipped":0,"pct":100},"functions":{"total":0,"covered":0,"skipped":0,"pct":100},"statements":{"total":6,"covered":6,"skipped":0,"pct":100},"branches":{"total":0,"covered":0,"skipped":0,"pct":100}}
,"/Users/Path/Desktop/Lokesh/HIRE-NEW-V1/backend/models/MatchRun.js": {"lines":{"total":5,"covered":5,"skipped":0,"pct":100},"functions":{"total":0,"covered":0,"skipped":0,"pct":100},"statements":{"total":5,"covered":5,"skipped":0,"pct":100},"branches":{"total":0,"covered":0,"skipped":0,"pct":100}}
,"/Users/Path/Desktop/Lokesh/HIRE-NEW-V1/backend/models/MatchSnapshot.js": {"lines":{"total":5,"covered":5,"skipped":0,"pct":100},"functions":{"total":0,"covered":0,"skipped":0,"pct":100},"statements":{"total":5,"covered":5,"skipped":0,"pct":100},"branches":{"total":0,"covered":0,"skipped":0,"pct":100}}
,"/Users/Path/Desktop/Lokesh/HIRE-NEW-V1/backend/models/Message.js": {"lines":{"total":6,"covered":6,"skipped":0,"pct":100},"functions":{"total":0,"covered":0,"skipped":0,"pct":100},"statements":{"total":6,"covered":6,"skipped":0,"pct":100},"branches":{"total":0,"covered":0,"skipped":0,"pct":100}}
,"/Users/Path/Desktop/Lokesh/HIRE-NEW-V1/backend/models/NetworkRiskFlag.js": {"lines":{"total":5,"covered":5,"skipped":0,"pct":100},"functions":{"total":0,"covered":0,"skipped":0,"pct":100},"statements":{"total":5,"covered":5,"skipped":0,"pct":100},"branches":{"total":0,"covered":0,"skipped":0,"pct":100}}
,"/Users/Path/Desktop/Lokesh/HIRE-NEW-V1/backend/models/Notification.js": {"lines":{"total":6,"covered":6,"skipped":0,"pct":100},"functions":{"total":0,"covered":0,"skipped":0,"pct":100},"statements":{"total":6,"covered":6,"skipped":0,"pct":100},"branches":{"total":0,"covered":0,"skipped":0,"pct":100}}
,"/Users/Path/Desktop/Lokesh/HIRE-NEW-V1/backend/models/OAuthProvider.js": {"lines":{"total":5,"covered":5,"skipped":0,"pct":100},"functions":{"total":0,"covered":0,"skipped":0,"pct":100},"statements":{"total":5,"covered":5,"skipped":0,"pct":100},"branches":{"total":0,"covered":0,"skipped":0,"pct":100}}
,"/Users/Path/Desktop/Lokesh/HIRE-NEW-V1/backend/models/Offer.js": {"lines":{"total":12,"covered":8,"skipped":0,"pct":66.66},"functions":{"total":1,"covered":0,"skipped":0,"pct":0},"statements":{"total":13,"covered":8,"skipped":0,"pct":61.53},"branches":{"total":8,"covered":0,"skipped":0,"pct":0}}
,"/Users/Path/Desktop/Lokesh/HIRE-NEW-V1/backend/models/Organization.js": {"lines":{"total":3,"covered":3,"skipped":0,"pct":100},"functions":{"total":0,"covered":0,"skipped":0,"pct":100},"statements":{"total":3,"covered":3,"skipped":0,"pct":100},"branches":{"total":0,"covered":0,"skipped":0,"pct":100}}
,"/Users/Path/Desktop/Lokesh/HIRE-NEW-V1/backend/models/PaymentMethodFingerprint.js": {"lines":{"total":4,"covered":4,"skipped":0,"pct":100},"functions":{"total":0,"covered":0,"skipped":0,"pct":100},"statements":{"total":4,"covered":4,"skipped":0,"pct":100},"branches":{"total":0,"covered":0,"skipped":0,"pct":100}}
,"/Users/Path/Desktop/Lokesh/HIRE-NEW-V1/backend/models/PaymentRecord.js": {"lines":{"total":6,"covered":6,"skipped":0,"pct":100},"functions":{"total":0,"covered":0,"skipped":0,"pct":100},"statements":{"total":6,"covered":6,"skipped":0,"pct":100},"branches":{"total":0,"covered":0,"skipped":0,"pct":100}}
,"/Users/Path/Desktop/Lokesh/HIRE-NEW-V1/backend/models/PlatformAuditLog.js": {"lines":{"total":23,"covered":17,"skipped":0,"pct":73.91},"functions":{"total":3,"covered":0,"skipped":0,"pct":0},"statements":{"total":23,"covered":17,"skipped":0,"pct":73.91},"branches":{"total":28,"covered":0,"skipped":0,"pct":0}}
,"/Users/Path/Desktop/Lokesh/HIRE-NEW-V1/backend/models/Post.js": {"lines":{"total":41,"covered":14,"skipped":0,"pct":34.14},"functions":{"total":2,"covered":0,"skipped":0,"pct":0},"statements":{"total":41,"covered":14,"skipped":0,"pct":34.14},"branches":{"total":43,"covered":0,"skipped":0,"pct":0}}
,"/Users/Path/Desktop/Lokesh/HIRE-NEW-V1/backend/models/Referral.js": {"lines":{"total":16,"covered":10,"skipped":0,"pct":62.5},"functions":{"total":1,"covered":0,"skipped":0,"pct":0},"statements":{"total":16,"covered":10,"skipped":0,"pct":62.5},"branches":{"total":10,"covered":0,"skipped":0,"pct":0}}
,"/Users/Path/Desktop/Lokesh/HIRE-NEW-V1/backend/models/RegionDominanceSnapshot.js": {"lines":{"total":5,"covered":5,"skipped":0,"pct":100},"functions":{"total":0,"covered":0,"skipped":0,"pct":100},"statements":{"total":5,"covered":5,"skipped":0,"pct":100},"branches":{"total":0,"covered":0,"skipped":0,"pct":100}}
,"/Users/Path/Desktop/Lokesh/HIRE-NEW-V1/backend/models/RegionMetrics.js": {"lines":{"total":5,"covered":5,"skipped":0,"pct":100},"functions":{"total":0,"covered":0,"skipped":0,"pct":100},"statements":{"total":5,"covered":5,"skipped":0,"pct":100},"branches":{"total":0,"covered":0,"skipped":0,"pct":100}}
,"/Users/Path/Desktop/Lokesh/HIRE-NEW-V1/backend/models/Report.js": {"lines":{"total":5,"covered":5,"skipped":0,"pct":100},"functions":{"total":0,"covered":0,"skipped":0,"pct":100},"statements":{"total":5,"covered":5,"skipped":0,"pct":100},"branches":{"total":0,"covered":0,"skipped":0,"pct":100}}
,"/Users/Path/Desktop/Lokesh/HIRE-NEW-V1/backend/models/ReputationProfile.js": {"lines":{"total":6,"covered":6,"skipped":0,"pct":100},"functions":{"total":0,"covered":0,"skipped":0,"pct":100},"statements":{"total":6,"covered":6,"skipped":0,"pct":100},"branches":{"total":0,"covered":0,"skipped":0,"pct":100}}
,"/Users/Path/Desktop/Lokesh/HIRE-NEW-V1/backend/models/RevenueEvent.js": {"lines":{"total":24,"covered":9,"skipped":0,"pct":37.5},"functions":{"total":2,"covered":0,"skipped":0,"pct":0},"statements":{"total":24,"covered":9,"skipped":0,"pct":37.5},"branches":{"total":51,"covered":0,"skipped":0,"pct":0}}
,"/Users/Path/Desktop/Lokesh/HIRE-NEW-V1/backend/models/Review.js": {"lines":{"total":4,"covered":4,"skipped":0,"pct":100},"functions":{"total":0,"covered":0,"skipped":0,"pct":100},"statements":{"total":4,"covered":4,"skipped":0,"pct":100},"branches":{"total":0,"covered":0,"skipped":0,"pct":100}}
,"/Users/Path/Desktop/Lokesh/HIRE-NEW-V1/backend/models/SavedJobCollection.js": {"lines":{"total":7,"covered":5,"skipped":0,"pct":71.42},"functions":{"total":1,"covered":0,"skipped":0,"pct":0},"statements":{"total":7,"covered":5,"skipped":0,"pct":71.42},"branches":{"total":2,"covered":0,"skipped":0,"pct":0}}
,"/Users/Path/Desktop/Lokesh/HIRE-NEW-V1/backend/models/SavedSearch.js": {"lines":{"total":4,"covered":4,"skipped":0,"pct":100},"functions":{"total":0,"covered":0,"skipped":0,"pct":100},"statements":{"total":4,"covered":4,"skipped":0,"pct":100},"branches":{"total":0,"covered":0,"skipped":0,"pct":100}}
,"/Users/Path/Desktop/Lokesh/HIRE-NEW-V1/backend/models/SkillReputation.js": {"lines":{"total":5,"covered":5,"skipped":0,"pct":100},"functions":{"total":0,"covered":0,"skipped":0,"pct":100},"statements":{"total":5,"covered":5,"skipped":0,"pct":100},"branches":{"total":0,"covered":0,"skipped":0,"pct":100}}
,"/Users/Path/Desktop/Lokesh/HIRE-NEW-V1/backend/models/SkillTrendWeekly.js": {"lines":{"total":7,"covered":7,"skipped":0,"pct":100},"functions":{"total":0,"covered":0,"skipped":0,"pct":100},"statements":{"total":7,"covered":7,"skipped":0,"pct":100},"branches":{"total":0,"covered":0,"skipped":0,"pct":100}}
,"/Users/Path/Desktop/Lokesh/HIRE-NEW-V1/backend/models/SmartInterviewAnalyticsSnapshot.js": {"lines":{"total":5,"covered":5,"skipped":0,"pct":100},"functions":{"total":0,"covered":0,"skipped":0,"pct":100},"statements":{"total":5,"covered":5,"skipped":0,"pct":100},"branches":{"total":0,"covered":0,"skipped":0,"pct":100}}
,"/Users/Path/Desktop/Lokesh/HIRE-NEW-V1/backend/models/SmartInterviewDataset.js": {"lines":{"total":5,"covered":5,"skipped":0,"pct":100},"functions":{"total":0,"covered":0,"skipped":0,"pct":100},"statements":{"total":5,"covered":5,"skipped":0,"pct":100},"branches":{"total":0,"covered":0,"skipped":0,"pct":100}}
,"/Users/Path/Desktop/Lokesh/HIRE-NEW-V1/backend/models/StrategicInsight.js": {"lines":{"total":7,"covered":7,"skipped":0,"pct":100},"functions":{"total":0,"covered":0,"skipped":0,"pct":100},"statements":{"total":7,"covered":7,"skipped":0,"pct":100},"branches":{"total":0,"covered":0,"skipped":0,"pct":100}}
,"/Users/Path/Desktop/Lokesh/HIRE-NEW-V1/backend/models/Subscription.js": {"lines":{"total":5,"covered":5,"skipped":0,"pct":100},"functions":{"total":0,"covered":0,"skipped":0,"pct":100},"statements":{"total":5,"covered":5,"skipped":0,"pct":100},"branches":{"total":0,"covered":0,"skipped":0,"pct":100}}
,"/Users/Path/Desktop/Lokesh/HIRE-NEW-V1/backend/models/SwipeDecision.js": {"lines":{"total":4,"covered":4,"skipped":0,"pct":100},"functions":{"total":0,"covered":0,"skipped":0,"pct":100},"statements":{"total":4,"covered":4,"skipped":0,"pct":100},"branches":{"total":0,"covered":0,"skipped":0,"pct":100}}
,"/Users/Path/Desktop/Lokesh/HIRE-NEW-V1/backend/models/SystemAlert.js": {"lines":{"total":5,"covered":5,"skipped":0,"pct":100},"functions":{"total":0,"covered":0,"skipped":0,"pct":100},"statements":{"total":5,"covered":5,"skipped":0,"pct":100},"branches":{"total":0,"covered":0,"skipped":0,"pct":100}}
,"/Users/Path/Desktop/Lokesh/HIRE-NEW-V1/backend/models/SystemHealth.js": {"lines":{"total":4,"covered":4,"skipped":0,"pct":100},"functions":{"total":0,"covered":0,"skipped":0,"pct":100},"statements":{"total":4,"covered":4,"skipped":0,"pct":100},"branches":{"total":0,"covered":0,"skipped":0,"pct":100}}
,"/Users/Path/Desktop/Lokesh/HIRE-NEW-V1/backend/models/TrustGraphEdge.js": {"lines":{"total":7,"covered":7,"skipped":0,"pct":100},"functions":{"total":0,"covered":0,"skipped":0,"pct":100},"statements":{"total":7,"covered":7,"skipped":0,"pct":100},"branches":{"total":0,"covered":0,"skipped":0,"pct":100}}
,"/Users/Path/Desktop/Lokesh/HIRE-NEW-V1/backend/models/TrustGraphNode.js": {"lines":{"total":5,"covered":5,"skipped":0,"pct":100},"functions":{"total":0,"covered":0,"skipped":0,"pct":100},"statements":{"total":5,"covered":5,"skipped":0,"pct":100},"branches":{"total":0,"covered":0,"skipped":0,"pct":100}}
,"/Users/Path/Desktop/Lokesh/HIRE-NEW-V1/backend/models/UpsellExposure.js": {"lines":{"total":4,"covered":4,"skipped":0,"pct":100},"functions":{"total":0,"covered":0,"skipped":0,"pct":100},"statements":{"total":4,"covered":4,"skipped":0,"pct":100},"branches":{"total":0,"covered":0,"skipped":0,"pct":100}}
,"/Users/Path/Desktop/Lokesh/HIRE-NEW-V1/backend/models/UserBadge.js": {"lines":{"total":5,"covered":5,"skipped":0,"pct":100},"functions":{"total":0,"covered":0,"skipped":0,"pct":100},"statements":{"total":5,"covered":5,"skipped":0,"pct":100},"branches":{"total":0,"covered":0,"skipped":0,"pct":100}}
,"/Users/Path/Desktop/Lokesh/HIRE-NEW-V1/backend/models/UserBehaviorProfile.js": {"lines":{"total":4,"covered":4,"skipped":0,"pct":100},"functions":{"total":0,"covered":0,"skipped":0,"pct":100},"statements":{"total":4,"covered":4,"skipped":0,"pct":100},"branches":{"total":0,"covered":0,"skipped":0,"pct":100}}
,"/Users/Path/Desktop/Lokesh/HIRE-NEW-V1/backend/models/UserChurnRiskModel.js": {"lines":{"total":4,"covered":4,"skipped":0,"pct":100},"functions":{"total":0,"covered":0,"skipped":0,"pct":100},"statements":{"total":4,"covered":4,"skipped":0,"pct":100},"branches":{"total":0,"covered":0,"skipped":0,"pct":100}}
,"/Users/Path/Desktop/Lokesh/HIRE-NEW-V1/backend/models/UserCourseProgress.js": {"lines":{"total":5,"covered":5,"skipped":0,"pct":100},"functions":{"total":0,"covered":0,"skipped":0,"pct":100},"statements":{"total":5,"covered":5,"skipped":0,"pct":100},"branches":{"total":0,"covered":0,"skipped":0,"pct":100}}
,"/Users/Path/Desktop/Lokesh/HIRE-NEW-V1/backend/models/UserFeatureUsage.js": {"lines":{"total":4,"covered":4,"skipped":0,"pct":100},"functions":{"total":0,"covered":0,"skipped":0,"pct":100},"statements":{"total":4,"covered":4,"skipped":0,"pct":100},"branches":{"total":0,"covered":0,"skipped":0,"pct":100}}
,"/Users/Path/Desktop/Lokesh/HIRE-NEW-V1/backend/models/UserNetworkScore.js": {"lines":{"total":3,"covered":3,"skipped":0,"pct":100},"functions":{"total":0,"covered":0,"skipped":0,"pct":100},"statements":{"total":3,"covered":3,"skipped":0,"pct":100},"branches":{"total":0,"covered":0,"skipped":0,"pct":100}}
,"/Users/Path/Desktop/Lokesh/HIRE-NEW-V1/backend/models/UserTrustScore.js": {"lines":{"total":3,"covered":3,"skipped":0,"pct":100},"functions":{"total":0,"covered":0,"skipped":0,"pct":100},"statements":{"total":3,"covered":3,"skipped":0,"pct":100},"branches":{"total":0,"covered":0,"skipped":0,"pct":100}}
,"/Users/Path/Desktop/Lokesh/HIRE-NEW-V1/backend/models/UserVerificationBadge.js": {"lines":{"total":5,"covered":5,"skipped":0,"pct":100},"functions":{"total":0,"covered":0,"skipped":0,"pct":100},"statements":{"total":5,"covered":5,"skipped":0,"pct":100},"branches":{"total":0,"covered":0,"skipped":0,"pct":100}}
,"/Users/Path/Desktop/Lokesh/HIRE-NEW-V1/backend/models/Wallet.js": {"lines":{"total":9,"covered":6,"skipped":0,"pct":66.66},"functions":{"total":1,"covered":0,"skipped":0,"pct":0},"statements":{"total":9,"covered":6,"skipped":0,"pct":66.66},"branches":{"total":2,"covered":0,"skipped":0,"pct":0}}
,"/Users/Path/Desktop/Lokesh/HIRE-NEW-V1/backend/models/WarehouseAggregationRun.js": {"lines":{"total":4,"covered":4,"skipped":0,"pct":100},"functions":{"total":0,"covered":0,"skipped":0,"pct":100},"statements":{"total":4,"covered":4,"skipped":0,"pct":100},"branches":{"total":0,"covered":0,"skipped":0,"pct":100}}
,"/Users/Path/Desktop/Lokesh/HIRE-NEW-V1/backend/models/Webhook.js": {"lines":{"total":5,"covered":5,"skipped":0,"pct":100},"functions":{"total":0,"covered":0,"skipped":0,"pct":100},"statements":{"total":5,"covered":5,"skipped":0,"pct":100},"branches":{"total":0,"covered":0,"skipped":0,"pct":100}}
,"/Users/Path/Desktop/Lokesh/HIRE-NEW-V1/backend/models/WebhookDeliveryLog.js": {"lines":{"total":5,"covered":5,"skipped":0,"pct":100},"functions":{"total":0,"covered":0,"skipped":0,"pct":100},"statements":{"total":5,"covered":5,"skipped":0,"pct":100},"branches":{"total":0,"covered":0,"skipped":0,"pct":100}}
,"/Users/Path/Desktop/Lokesh/HIRE-NEW-V1/backend/models/WebhookEventLog.js": {"lines":{"total":4,"covered":4,"skipped":0,"pct":100},"functions":{"total":0,"covered":0,"skipped":0,"pct":100},"statements":{"total":4,"covered":4,"skipped":0,"pct":100},"branches":{"total":0,"covered":0,"skipped":0,"pct":100}}
,"/Users/Path/Desktop/Lokesh/HIRE-NEW-V1/backend/models/WithdrawalRequest.js": {"lines":{"total":5,"covered":5,"skipped":0,"pct":100},"functions":{"total":0,"covered":0,"skipped":0,"pct":100},"statements":{"total":5,"covered":5,"skipped":0,"pct":100},"branches":{"total":0,"covered":0,"skipped":0,"pct":100}}
,"/Users/Path/Desktop/Lokesh/HIRE-NEW-V1/backend/models/WorkerEngagementScore.js": {"lines":{"total":4,"covered":4,"skipped":0,"pct":100},"functions":{"total":0,"covered":0,"skipped":0,"pct":100},"statements":{"total":4,"covered":4,"skipped":0,"pct":100},"branches":{"total":0,"covered":0,"skipped":0,"pct":100}}
,"/Users/Path/Desktop/Lokesh/HIRE-NEW-V1/backend/models/WorkerProfile.js": {"lines":{"total":9,"covered":9,"skipped":0,"pct":100},"functions":{"total":0,"covered":0,"skipped":0,"pct":100},"statements":{"total":9,"covered":9,"skipped":0,"pct":100},"branches":{"total":0,"covered":0,"skipped":0,"pct":100}}
,"/Users/Path/Desktop/Lokesh/HIRE-NEW-V1/backend/models/_appendOnly.js": {"lines":{"total":11,"covered":11,"skipped":0,"pct":100},"functions":{"total":2,"covered":1,"skipped":0,"pct":50},"statements":{"total":12,"covered":11,"skipped":0,"pct":91.66},"branches":{"total":0,"covered":0,"skipped":0,"pct":100}}
,"/Users/Path/Desktop/Lokesh/HIRE-NEW-V1/backend/models/userModel.js": {"lines":{"total":80,"covered":65,"skipped":0,"pct":81.25},"functions":{"total":10,"covered":8,"skipped":0,"pct":80},"statements":{"total":82,"covered":67,"skipped":0,"pct":81.7},"branches":{"total":77,"covered":40,"skipped":0,"pct":51.94}}
,"/Users/Path/Desktop/Lokesh/HIRE-NEW-V1/backend/modules/index.js": {"lines":{"total":14,"covered":14,"skipped":0,"pct":100},"functions":{"total":4,"covered":4,"skipped":0,"pct":100},"statements":{"total":16,"covered":16,"skipped":0,"pct":100},"branches":{"total":0,"covered":0,"skipped":0,"pct":100}}
,"/Users/Path/Desktop/Lokesh/HIRE-NEW-V1/backend/modules/admin-service/index.js": {"lines":{"total":11,"covered":11,"skipped":0,"pct":100},"functions":{"total":2,"covered":2,"skipped":0,"pct":100},"statements":{"total":12,"covered":12,"skipped":0,"pct":100},"branches":{"total":0,"covered":0,"skipped":0,"pct":100}}
,"/Users/Path/Desktop/Lokesh/HIRE-NEW-V1/backend/modules/auth-service/index.js": {"lines":{"total":4,"covered":4,"skipped":0,"pct":100},"functions":{"total":2,"covered":2,"skipped":0,"pct":100},"statements":{"total":5,"covered":5,"skipped":0,"pct":100},"branches":{"total":0,"covered":0,"skipped":0,"pct":100}}
,"/Users/Path/Desktop/Lokesh/HIRE-NEW-V1/backend/modules/chat-service/index.js": {"lines":{"total":3,"covered":3,"skipped":0,"pct":100},"functions":{"total":2,"covered":2,"skipped":0,"pct":100},"statements":{"total":4,"covered":4,"skipped":0,"pct":100},"branches":{"total":0,"covered":0,"skipped":0,"pct":100}}
,"/Users/Path/Desktop/Lokesh/HIRE-NEW-V1/backend/modules/feed-service/index.js": {"lines":{"total":6,"covered":6,"skipped":0,"pct":100},"functions":{"total":2,"covered":2,"skipped":0,"pct":100},"statements":{"total":7,"covered":7,"skipped":0,"pct":100},"branches":{"total":0,"covered":0,"skipped":0,"pct":100}}
,"/Users/Path/Desktop/Lokesh/HIRE-NEW-V1/backend/modules/interview-service/index.js": {"lines":{"total":5,"covered":5,"skipped":0,"pct":100},"functions":{"total":2,"covered":2,"skipped":0,"pct":100},"statements":{"total":6,"covered":6,"skipped":0,"pct":100},"branches":{"total":0,"covered":0,"skipped":0,"pct":100}}
,"/Users/Path/Desktop/Lokesh/HIRE-NEW-V1/backend/modules/match-service/index.js": {"lines":{"total":7,"covered":7,"skipped":0,"pct":100},"functions":{"total":2,"covered":2,"skipped":0,"pct":100},"statements":{"total":8,"covered":8,"skipped":0,"pct":100},"branches":{"total":0,"covered":0,"skipped":0,"pct":100}}
,"/Users/Path/Desktop/Lokesh/HIRE-NEW-V1/backend/modules/notification-service/index.js": {"lines":{"total":3,"covered":3,"skipped":0,"pct":100},"functions":{"total":2,"covered":2,"skipped":0,"pct":100},"statements":{"total":4,"covered":4,"skipped":0,"pct":100},"branches":{"total":0,"covered":0,"skipped":0,"pct":100}}
,"/Users/Path/Desktop/Lokesh/HIRE-NEW-V1/backend/routes/academyRoutes.js": {"lines":{"total":99,"covered":23,"skipped":0,"pct":23.23},"functions":{"total":20,"covered":0,"skipped":0,"pct":0},"statements":{"total":109,"covered":23,"skipped":0,"pct":21.1},"branches":{"total":97,"covered":0,"skipped":0,"pct":0}}
,"/Users/Path/Desktop/Lokesh/HIRE-NEW-V1/backend/routes/adminAuthRoutes.js": {"lines":{"total":6,"covered":6,"skipped":0,"pct":100},"functions":{"total":0,"covered":0,"skipped":0,"pct":100},"statements":{"total":6,"covered":6,"skipped":0,"pct":100},"branches":{"total":0,"covered":0,"skipped":0,"pct":100}}
,"/Users/Path/Desktop/Lokesh/HIRE-NEW-V1/backend/routes/adminRoutes.js": {"lines":{"total":36,"covered":36,"skipped":0,"pct":100},"functions":{"total":0,"covered":0,"skipped":0,"pct":100},"statements":{"total":36,"covered":36,"skipped":0,"pct":100},"branches":{"total":0,"covered":0,"skipped":0,"pct":100}}
,"/Users/Path/Desktop/Lokesh/HIRE-NEW-V1/backend/routes/agentMarketplaceRoutes.js": {"lines":{"total":10,"covered":10,"skipped":0,"pct":100},"functions":{"total":0,"covered":0,"skipped":0,"pct":100},"statements":{"total":10,"covered":10,"skipped":0,"pct":100},"branches":{"total":0,"covered":0,"skipped":0,"pct":100}}
,"/Users/Path/Desktop/Lokesh/HIRE-NEW-V1/backend/routes/analyticsRoutes.js": {"lines":{"total":24,"covered":21,"skipped":0,"pct":87.5},"functions":{"total":1,"covered":0,"skipped":0,"pct":0},"statements":{"total":24,"covered":21,"skipped":0,"pct":87.5},"branches":{"total":2,"covered":0,"skipped":0,"pct":0}}
,"/Users/Path/Desktop/Lokesh/HIRE-NEW-V1/backend/routes/applicationRoutes.js": {"lines":{"total":14,"covered":14,"skipped":0,"pct":100},"functions":{"total":0,"covered":0,"skipped":0,"pct":100},"statements":{"total":14,"covered":14,"skipped":0,"pct":100},"branches":{"total":0,"covered":0,"skipped":0,"pct":100}}
,"/Users/Path/Desktop/Lokesh/HIRE-NEW-V1/backend/routes/authRoutes.js": {"lines":{"total":186,"covered":127,"skipped":0,"pct":68.27},"functions":{"total":15,"covered":10,"skipped":0,"pct":66.66},"statements":{"total":191,"covered":130,"skipped":0,"pct":68.06},"branches":{"total":164,"covered":89,"skipped":0,"pct":54.26}}
,"/Users/Path/Desktop/Lokesh/HIRE-NEW-V1/backend/routes/bountyRoutes.js": {"lines":{"total":135,"covered":27,"skipped":0,"pct":20},"functions":{"total":16,"covered":0,"skipped":0,"pct":0},"statements":{"total":144,"covered":27,"skipped":0,"pct":18.75},"branches":{"total":128,"covered":0,"skipped":0,"pct":0}}
,"/Users/Path/Desktop/Lokesh/HIRE-NEW-V1/backend/routes/chatRoutes.js": {"lines":{"total":229,"covered":51,"skipped":0,"pct":22.27},"functions":{"total":27,"covered":0,"skipped":0,"pct":0},"statements":{"total":236,"covered":51,"skipped":0,"pct":21.61},"branches":{"total":174,"covered":4,"skipped":0,"pct":2.29}}
,"/Users/Path/Desktop/Lokesh/HIRE-NEW-V1/backend/routes/circlesRoutes.js": {"lines":{"total":250,"covered":57,"skipped":0,"pct":22.8},"functions":{"total":42,"covered":5,"skipped":0,"pct":11.9},"statements":{"total":272,"covered":60,"skipped":0,"pct":22.05},"branches":{"total":275,"covered":11,"skipped":0,"pct":4}}
,"/Users/Path/Desktop/Lokesh/HIRE-NEW-V1/backend/routes/embedRoutes.js": {"lines":{"total":7,"covered":7,"skipped":0,"pct":100},"functions":{"total":0,"covered":0,"skipped":0,"pct":100},"statements":{"total":7,"covered":7,"skipped":0,"pct":100},"branches":{"total":0,"covered":0,"skipped":0,"pct":100}}
,"/Users/Path/Desktop/Lokesh/HIRE-NEW-V1/backend/routes/employerRoutes.js": {"lines":{"total":12,"covered":12,"skipped":0,"pct":100},"functions":{"total":0,"covered":0,"skipped":0,"pct":100},"statements":{"total":12,"covered":12,"skipped":0,"pct":100},"branches":{"total":0,"covered":0,"skipped":0,"pct":100}}
,"/Users/Path/Desktop/Lokesh/HIRE-NEW-V1/backend/routes/externalV1Routes.js": {"lines":{"total":41,"covered":41,"skipped":0,"pct":100},"functions":{"total":0,"covered":0,"skipped":0,"pct":100},"statements":{"total":41,"covered":41,"skipped":0,"pct":100},"branches":{"total":0,"covered":0,"skipped":0,"pct":100}}
,"/Users/Path/Desktop/Lokesh/HIRE-NEW-V1/backend/routes/featureRoutes.js": {"lines":{"total":395,"covered":105,"skipped":0,"pct":26.58},"functions":{"total":67,"covered":0,"skipped":0,"pct":0},"statements":{"total":408,"covered":105,"skipped":0,"pct":25.73},"branches":{"total":135,"covered":0,"skipped":0,"pct":0}}
,"/Users/Path/Desktop/Lokesh/HIRE-NEW-V1/backend/routes/feedRoutes.js": {"lines":{"total":191,"covered":72,"skipped":0,"pct":37.69},"functions":{"total":30,"covered":7,"skipped":0,"pct":23.33},"statements":{"total":196,"covered":74,"skipped":0,"pct":37.75},"branches":{"total":189,"covered":46,"skipped":0,"pct":24.33}}
,"/Users/Path/Desktop/Lokesh/HIRE-NEW-V1/backend/routes/feedbackRoutes.js": {"lines":{"total":6,"covered":6,"skipped":0,"pct":100},"functions":{"total":0,"covered":0,"skipped":0,"pct":100},"statements":{"total":6,"covered":6,"skipped":0,"pct":100},"branches":{"total":0,"covered":0,"skipped":0,"pct":100}}
,"/Users/Path/Desktop/Lokesh/HIRE-NEW-V1/backend/routes/financialRoutes.js": {"lines":{"total":28,"covered":28,"skipped":0,"pct":100},"functions":{"total":0,"covered":0,"skipped":0,"pct":100},"statements":{"total":28,"covered":28,"skipped":0,"pct":100},"branches":{"total":0,"covered":0,"skipped":0,"pct":100}}
,"/Users/Path/Desktop/Lokesh/HIRE-NEW-V1/backend/routes/growthRoutes.js": {"lines":{"total":25,"covered":25,"skipped":0,"pct":100},"functions":{"total":0,"covered":0,"skipped":0,"pct":100},"statements":{"total":25,"covered":25,"skipped":0,"pct":100},"branches":{"total":0,"covered":0,"skipped":0,"pct":100}}
,"/Users/Path/Desktop/Lokesh/HIRE-NEW-V1/backend/routes/insightRoutes.js": {"lines":{"total":8,"covered":8,"skipped":0,"pct":100},"functions":{"total":0,"covered":0,"skipped":0,"pct":100},"statements":{"total":8,"covered":8,"skipped":0,"pct":100},"branches":{"total":0,"covered":0,"skipped":0,"pct":100}}
,"/Users/Path/Desktop/Lokesh/HIRE-NEW-V1/backend/routes/integrationRoutes.js": {"lines":{"total":11,"covered":11,"skipped":0,"pct":100},"functions":{"total":0,"covered":0,"skipped":0,"pct":100},"statements":{"total":11,"covered":11,"skipped":0,"pct":100},"branches":{"total":0,"covered":0,"skipped":0,"pct":100}}
,"/Users/Path/Desktop/Lokesh/HIRE-NEW-V1/backend/routes/interviewProcessingRoutes.js": {"lines":{"total":115,"covered":21,"skipped":0,"pct":18.26},"functions":{"total":8,"covered":0,"skipped":0,"pct":0},"statements":{"total":122,"covered":21,"skipped":0,"pct":17.21},"branches":{"total":107,"covered":2,"skipped":0,"pct":1.86}}
,"/Users/Path/Desktop/Lokesh/HIRE-NEW-V1/backend/routes/interviewScheduleRoutes.js": {"lines":{"total":11,"covered":11,"skipped":0,"pct":100},"functions":{"total":0,"covered":0,"skipped":0,"pct":100},"statements":{"total":11,"covered":11,"skipped":0,"pct":100},"branches":{"total":0,"covered":0,"skipped":0,"pct":100}}
,"/Users/Path/Desktop/Lokesh/HIRE-NEW-V1/backend/routes/jobRoutes.js": {"lines":{"total":19,"covered":19,"skipped":0,"pct":100},"functions":{"total":0,"covered":0,"skipped":0,"pct":100},"statements":{"total":19,"covered":19,"skipped":0,"pct":100},"branches":{"total":0,"covered":0,"skipped":0,"pct":100}}
,"/Users/Path/Desktop/Lokesh/HIRE-NEW-V1/backend/routes/matchingRoutes.js": {"lines":{"total":10,"covered":10,"skipped":0,"pct":100},"functions":{"total":0,"covered":0,"skipped":0,"pct":100},"statements":{"total":10,"covered":10,"skipped":0,"pct":100},"branches":{"total":0,"covered":0,"skipped":0,"pct":100}}
,"/Users/Path/Desktop/Lokesh/HIRE-NEW-V1/backend/routes/moatRoutes.js": {"lines":{"total":22,"covered":22,"skipped":0,"pct":100},"functions":{"total":0,"covered":0,"skipped":0,"pct":100},"statements":{"total":22,"covered":22,"skipped":0,"pct":100},"branches":{"total":0,"covered":0,"skipped":0,"pct":100}}
,"/Users/Path/Desktop/Lokesh/HIRE-NEW-V1/backend/routes/notificationRoutes.js": {"lines":{"total":8,"covered":8,"skipped":0,"pct":100},"functions":{"total":0,"covered":0,"skipped":0,"pct":100},"statements":{"total":8,"covered":8,"skipped":0,"pct":100},"branches":{"total":0,"covered":0,"skipped":0,"pct":100}}
,"/Users/Path/Desktop/Lokesh/HIRE-NEW-V1/backend/routes/offerRoutes.js": {"lines":{"total":10,"covered":10,"skipped":0,"pct":100},"functions":{"total":0,"covered":0,"skipped":0,"pct":100},"statements":{"total":10,"covered":10,"skipped":0,"pct":100},"branches":{"total":0,"covered":0,"skipped":0,"pct":100}}
,"/Users/Path/Desktop/Lokesh/HIRE-NEW-V1/backend/routes/orgRoutes.js": {"lines":{"total":9,"covered":9,"skipped":0,"pct":100},"functions":{"total":0,"covered":0,"skipped":0,"pct":100},"statements":{"total":9,"covered":9,"skipped":0,"pct":100},"branches":{"total":0,"covered":0,"skipped":0,"pct":100}}
,"/Users/Path/Desktop/Lokesh/HIRE-NEW-V1/backend/routes/paymentRoutes.js": {"lines":{"total":20,"covered":16,"skipped":0,"pct":80},"functions":{"total":1,"covered":0,"skipped":0,"pct":0},"statements":{"total":20,"covered":16,"skipped":0,"pct":80},"branches":{"total":4,"covered":0,"skipped":0,"pct":0}}
,"/Users/Path/Desktop/Lokesh/HIRE-NEW-V1/backend/routes/platformAdminRoutes.js": {"lines":{"total":11,"covered":11,"skipped":0,"pct":100},"functions":{"total":0,"covered":0,"skipped":0,"pct":100},"statements":{"total":11,"covered":11,"skipped":0,"pct":100},"branches":{"total":0,"covered":0,"skipped":0,"pct":100}}
,"/Users/Path/Desktop/Lokesh/HIRE-NEW-V1/backend/routes/platformRoutes.js": {"lines":{"total":28,"covered":25,"skipped":0,"pct":89.28},"functions":{"total":1,"covered":0,"skipped":0,"pct":0},"statements":{"total":28,"covered":25,"skipped":0,"pct":89.28},"branches":{"total":2,"covered":0,"skipped":0,"pct":0}}
,"/Users/Path/Desktop/Lokesh/HIRE-NEW-V1/backend/routes/privacyRoutes.js": {"lines":{"total":9,"covered":9,"skipped":0,"pct":100},"functions":{"total":0,"covered":0,"skipped":0,"pct":100},"statements":{"total":9,"covered":9,"skipped":0,"pct":100},"branches":{"total":0,"covered":0,"skipped":0,"pct":100}}
,"/Users/Path/Desktop/Lokesh/HIRE-NEW-V1/backend/routes/publicApiRoutes.js": {"lines":{"total":8,"covered":8,"skipped":0,"pct":100},"functions":{"total":0,"covered":0,"skipped":0,"pct":100},"statements":{"total":8,"covered":8,"skipped":0,"pct":100},"branches":{"total":0,"covered":0,"skipped":0,"pct":100}}
,"/Users/Path/Desktop/Lokesh/HIRE-NEW-V1/backend/routes/publicV3Routes.js": {"lines":{"total":12,"covered":12,"skipped":0,"pct":100},"functions":{"total":0,"covered":0,"skipped":0,"pct":100},"statements":{"total":12,"covered":12,"skipped":0,"pct":100},"branches":{"total":0,"covered":0,"skipped":0,"pct":100}}
,"/Users/Path/Desktop/Lokesh/HIRE-NEW-V1/backend/routes/pulseRoutes.js": {"lines":{"total":50,"covered":14,"skipped":0,"pct":28},"functions":{"total":11,"covered":0,"skipped":0,"pct":0},"statements":{"total":53,"covered":14,"skipped":0,"pct":26.41},"branches":{"total":54,"covered":0,"skipped":0,"pct":0}}
,"/Users/Path/Desktop/Lokesh/HIRE-NEW-V1/backend/routes/reportRoutes.js": {"lines":{"total":6,"covered":6,"skipped":0,"pct":100},"functions":{"total":0,"covered":0,"skipped":0,"pct":100},"statements":{"total":6,"covered":6,"skipped":0,"pct":100},"branches":{"total":0,"covered":0,"skipped":0,"pct":100}}
,"/Users/Path/Desktop/Lokesh/HIRE-NEW-V1/backend/routes/reputationRoutes.js": {"lines":{"total":18,"covered":18,"skipped":0,"pct":100},"functions":{"total":0,"covered":0,"skipped":0,"pct":100},"statements":{"total":18,"covered":18,"skipped":0,"pct":100},"branches":{"total":0,"covered":0,"skipped":0,"pct":100}}
,"/Users/Path/Desktop/Lokesh/HIRE-NEW-V1/backend/routes/sdkRoutes.js": {"lines":{"total":5,"covered":5,"skipped":0,"pct":100},"functions":{"total":0,"covered":0,"skipped":0,"pct":100},"statements":{"total":5,"covered":5,"skipped":0,"pct":100},"branches":{"total":0,"covered":0,"skipped":0,"pct":100}}
,"/Users/Path/Desktop/Lokesh/HIRE-NEW-V1/backend/routes/settingsRoutes.js": {"lines":{"total":34,"covered":23,"skipped":0,"pct":67.64},"functions":{"total":3,"covered":0,"skipped":0,"pct":0},"statements":{"total":34,"covered":23,"skipped":0,"pct":67.64},"branches":{"total":14,"covered":2,"skipped":0,"pct":14.28}}
,"/Users/Path/Desktop/Lokesh/HIRE-NEW-V1/backend/routes/strategicAnalyticsRoutes.js": {"lines":{"total":8,"covered":8,"skipped":0,"pct":100},"functions":{"total":0,"covered":0,"skipped":0,"pct":100},"statements":{"total":8,"covered":8,"skipped":0,"pct":100},"branches":{"total":0,"covered":0,"skipped":0,"pct":100}}
[...]
,"/Users/Path/Desktop/Lokesh/HIRE-NEW-V1/backend/services/savedSearchService.js": {"lines":{"total":20,"covered":3,"skipped":0,"pct":15},"functions":{"total":6,"covered":0,"skipped":0,"pct":0},"statements":{"total":23,"covered":3,"skipped":0,"pct":13.04},"branches":{"total":12,"covered":0,"skipped":0,"pct":0}}
,"/Users/Path/Desktop/Lokesh/HIRE-NEW-V1/backend/services/securityAnomalyIntelligenceService.js": {"lines":{"total":60,"covered":14,"skipped":0,"pct":23.33},"functions":{"total":8,"covered":0,"skipped":0,"pct":0},"statements":{"total":61,"covered":14,"skipped":0,"pct":22.95},"branches":{"total":52,"covered":0,"skipped":0,"pct":0}}
,"/Users/Path/Desktop/Lokesh/HIRE-NEW-V1/backend/services/sessionService.js": {"lines":{"total":78,"covered":18,"skipped":0,"pct":23.07},"functions":{"total":14,"covered":3,"skipped":0,"pct":21.42},"statements":{"total":93,"covered":20,"skipped":0,"pct":21.5},"branches":{"total":72,"covered":6,"skipped":0,"pct":8.33}}
,"/Users/Path/Desktop/Lokesh/HIRE-NEW-V1/backend/services/shakeJobService.js": {"lines":{"total":17,"covered":2,"skipped":0,"pct":11.76},"functions":{"total":1,"covered":0,"skipped":0,"pct":0},"statements":{"total":20,"covered":2,"skipped":0,"pct":10},"branches":{"total":13,"covered":0,"skipped":0,"pct":0}}
,"/Users/Path/Desktop/Lokesh/HIRE-NEW-V1/backend/services/skillReputationService.js": {"lines":{"total":101,"covered":33,"skipped":0,"pct":32.67},"functions":{"total":24,"covered":7,"skipped":0,"pct":29.16},"statements":{"total":117,"covered":35,"skipped":0,"pct":29.91},"branches":{"total":78,"covered":11,"skipped":0,"pct":14.1}}
,"/Users/Path/Desktop/Lokesh/HIRE-NEW-V1/backend/services/smartInterviewAnalyticsSnapshotService.js": {"lines":{"total":30,"covered":8,"skipped":0,"pct":26.66},"functions":{"total":5,"covered":0,"skipped":0,"pct":0},"statements":{"total":37,"covered":8,"skipped":0,"pct":21.62},"branches":{"total":46,"covered":0,"skipped":0,"pct":0}}
,"/Users/Path/Desktop/Lokesh/HIRE-NEW-V1/backend/services/smartInterviewDatasetService.js": {"lines":{"total":37,"covered":9,"skipped":0,"pct":24.32},"functions":{"total":6,"covered":0,"skipped":0,"pct":0},"statements":{"total":44,"covered":9,"skipped":0,"pct":20.45},"branches":{"total":58,"covered":0,"skipped":0,"pct":0}}
,"/Users/Path/Desktop/Lokesh/HIRE-NEW-V1/backend/services/smartInterviewGapDetector.js": {"lines":{"total":15,"covered":15,"skipped":0,"pct":100},"functions":{"total":2,"covered":2,"skipped":0,"pct":100},"statements":{"total":18,"covered":18,"skipped":0,"pct":100},"branches":{"total":16,"covered":14,"skipped":0,"pct":87.5}}
,"/Users/Path/Desktop/Lokesh/HIRE-NEW-V1/backend/services/smartInterviewQualityService.js": {"lines":{"total":110,"covered":92,"skipped":0,"pct":83.63},"functions":{"total":26,"covered":24,"skipped":0,"pct":92.3},"statements":{"total":126,"covered":99,"skipped":0,"pct":78.57},"branches":{"total":123,"covered":62,"skipped":0,"pct":50.4}}
,"/Users/Path/Desktop/Lokesh/HIRE-NEW-V1/backend/services/smartInterviewQuestionGenerator.js": {"lines":{"total":24,"covered":8,"skipped":0,"pct":33.33},"functions":{"total":4,"covered":0,"skipped":0,"pct":0},"statements":{"total":27,"covered":8,"skipped":0,"pct":29.62},"branches":{"total":19,"covered":2,"skipped":0,"pct":10.52}}
,"/Users/Path/Desktop/Lokesh/HIRE-NEW-V1/backend/services/smartInterviewSlotEngine.js": {"lines":{"total":184,"covered":163,"skipped":0,"pct":88.58},"functions":{"total":23,"covered":22,"skipped":0,"pct":95.65},"statements":{"total":225,"covered":184,"skipped":0,"pct":81.77},"branches":{"total":209,"covered":136,"skipped":0,"pct":65.07}}
,"/Users/Path/Desktop/Lokesh/HIRE-NEW-V1/backend/services/socketScalingService.js": {"lines":{"total":55,"covered":19,"skipped":0,"pct":34.54},"functions":{"total":4,"covered":1,"skipped":0,"pct":25},"statements":{"total":57,"covered":19,"skipped":0,"pct":33.33},"branches":{"total":44,"covered":5,"skipped":0,"pct":11.36}}
,"/Users/Path/Desktop/Lokesh/HIRE-NEW-V1/backend/services/sqsInterviewQueue.js": {"lines":{"total":54,"covered":23,"skipped":0,"pct":42.59},"functions":{"total":8,"covered":0,"skipped":0,"pct":0},"statements":{"total":60,"covered":23,"skipped":0,"pct":38.33},"branches":{"total":52,"covered":12,"skipped":0,"pct":23.07}}
,"/Users/Path/Desktop/Lokesh/HIRE-NEW-V1/backend/services/startupIntegrityService.js": {"lines":{"total":111,"covered":52,"skipped":0,"pct":46.84},"functions":{"total":12,"covered":7,"skipped":0,"pct":58.33},"statements":{"total":114,"covered":53,"skipped":0,"pct":46.49},"branches":{"total":131,"covered":17,"skipped":0,"pct":12.97}}
,"/Users/Path/Desktop/Lokesh/HIRE-NEW-V1/backend/services/strategicAnalyticsService.js": {"lines":{"total":381,"covered":67,"skipped":0,"pct":17.58},"functions":{"total":75,"covered":0,"skipped":0,"pct":0},"statements":{"total":423,"covered":67,"skipped":0,"pct":15.83},"branches":{"total":337,"covered":2,"skipped":0,"pct":0.59}}
,"/Users/Path/Desktop/Lokesh/HIRE-NEW-V1/backend/services/strategicInsightsService.js": {"lines":{"total":63,"covered":56,"skipped":0,"pct":88.88},"functions":{"total":6,"covered":5,"skipped":0,"pct":83.33},"statements":{"total":74,"covered":62,"skipped":0,"pct":83.78},"branches":{"total":93,"covered":42,"skipped":0,"pct":45.16}}
,"/Users/Path/Desktop/Lokesh/HIRE-NEW-V1/backend/services/subscriptionService.js": {"lines":{"total":41,"covered":11,"skipped":0,"pct":26.82},"functions":{"total":5,"covered":0,"skipped":0,"pct":0},"statements":{"total":50,"covered":11,"skipped":0,"pct":22},"branches":{"total":43,"covered":0,"skipped":0,"pct":0}}
,"/Users/Path/Desktop/Lokesh/HIRE-NEW-V1/backend/services/systemFlagService.js": {"lines":{"total":26,"covered":7,"skipped":0,"pct":26.92},"functions":{"total":2,"covered":0,"skipped":0,"pct":0},"statements":{"total":28,"covered":7,"skipped":0,"pct":25},"branches":{"total":16,"covered":0,"skipped":0,"pct":0}}
,"/Users/Path/Desktop/Lokesh/HIRE-NEW-V1/backend/services/systemHealthService.js": {"lines":{"total":145,"covered":35,"skipped":0,"pct":24.13},"functions":{"total":25,"covered":0,"skipped":0,"pct":0},"statements":{"total":154,"covered":35,"skipped":0,"pct":22.72},"branches":{"total":127,"covered":8,"skipped":0,"pct":6.29}}
,"/Users/Path/Desktop/Lokesh/HIRE-NEW-V1/backend/services/systemMonitoringService.js": {"lines":{"total":123,"covered":59,"skipped":0,"pct":47.96},"functions":{"total":21,"covered":7,"skipped":0,"pct":33.33},"statements":{"total":133,"covered":60,"skipped":0,"pct":45.11},"branches":{"total":159,"covered":47,"skipped":0,"pct":29.55}}
,"/Users/Path/Desktop/Lokesh/HIRE-NEW-V1/backend/services/tenantIsolationService.js": {"lines":{"total":24,"covered":9,"skipped":0,"pct":37.5},"functions":{"total":4,"covered":1,"skipped":0,"pct":25},"statements":{"total":26,"covered":9,"skipped":0,"pct":34.61},"branches":{"total":26,"covered":4,"skipped":0,"pct":15.38}}
,"/Users/Path/Desktop/Lokesh/HIRE-NEW-V1/backend/services/transcriptionService.js": {"lines":{"total":24,"covered":6,"skipped":0,"pct":25},"functions":{"total":2,"covered":0,"skipped":0,"pct":0},"statements":{"total":24,"covered":6,"skipped":0,"pct":25},"branches":{"total":16,"covered":2,"skipped":0,"pct":12.5}}
,"/Users/Path/Desktop/Lokesh/HIRE-NEW-V1/backend/services/travelTimeService.js": {"lines":{"total":23,"covered":4,"skipped":0,"pct":17.39},"functions":{"total":5,"covered":0,"skipped":0,"pct":0},"statements":{"total":28,"covered":5,"skipped":0,"pct":17.85},"branches":{"total":17,"covered":0,"skipped":0,"pct":0}}
,"/Users/Path/Desktop/Lokesh/HIRE-NEW-V1/backend/services/trustGraphService.js": {"lines":{"total":184,"covered":38,"skipped":0,"pct":20.65},"functions":{"total":33,"covered":0,"skipped":0,"pct":0},"statements":{"total":207,"covered":38,"skipped":0,"pct":18.35},"branches":{"total":250,"covered":0,"skipped":0,"pct":0}}
,"/Users/Path/Desktop/Lokesh/HIRE-NEW-V1/backend/services/trustScoreService.js": {"lines":{"total":104,"covered":32,"skipped":0,"pct":30.76},"functions":{"total":11,"covered":1,"skipped":0,"pct":9.09},"statements":{"total":121,"covered":32,"skipped":0,"pct":26.44},"branches":{"total":164,"covered":24,"skipped":0,"pct":14.63}}
,"/Users/Path/Desktop/Lokesh/HIRE-NEW-V1/backend/services/undoActionService.js": {"lines":{"total":31,"covered":5,"skipped":0,"pct":16.12},"functions":{"total":5,"covered":0,"skipped":0,"pct":0},"statements":{"total":37,"covered":5,"skipped":0,"pct":13.51},"branches":{"total":16,"covered":0,"skipped":0,"pct":0}}
,"/Users/Path/Desktop/Lokesh/HIRE-NEW-V1/backend/services/uploadSecurityService.js": {"lines":{"total":59,"covered":11,"skipped":0,"pct":18.64},"functions":{"total":8,"covered":0,"skipped":0,"pct":0},"statements":{"total":64,"covered":11,"skipped":0,"pct":17.18},"branches":{"total":45,"covered":0,"skipped":0,"pct":0}}
,"/Users/Path/Desktop/Lokesh/HIRE-NEW-V1/backend/services/verificationBadgeService.js": {"lines":{"total":69,"covered":26,"skipped":0,"pct":37.68},"functions":{"total":14,"covered":6,"skipped":0,"pct":42.85},"statements":{"total":81,"covered":30,"skipped":0,"pct":37.03},"branches":{"total":106,"covered":6,"skipped":0,"pct":5.66}}
,"/Users/Path/Desktop/Lokesh/HIRE-NEW-V1/backend/services/widgetTokenService.js": {"lines":{"total":35,"covered":9,"skipped":0,"pct":25.71},"functions":{"total":6,"covered":0,"skipped":0,"pct":0},"statements":{"total":38,"covered":9,"skipped":0,"pct":23.68},"branches":{"total":47,"covered":2,"skipped":0,"pct":4.25}}
,"/Users/Path/Desktop/Lokesh/HIRE-NEW-V1/backend/services/workerEngagementService.js": {"lines":{"total":60,"covered":12,"skipped":0,"pct":20},"functions":{"total":7,"covered":0,"skipped":0,"pct":0},"statements":{"total":68,"covered":12,"skipped":0,"pct":17.64},"branches":{"total":57,"covered":0,"skipped":0,"pct":0}}
,"/Users/Path/Desktop/Lokesh/HIRE-NEW-V1/backend/services/financial/auditLogService.js": {"lines":{"total":9,"covered":8,"skipped":0,"pct":88.88},"functions":{"total":2,"covered":2,"skipped":0,"pct":100},"statements":{"total":10,"covered":8,"skipped":0,"pct":80},"branches":{"total":9,"covered":4,"skipped":0,"pct":44.44}}
,"/Users/Path/Desktop/Lokesh/HIRE-NEW-V1/backend/services/financial/commissionService.js": {"lines":{"total":30,"covered":23,"skipped":0,"pct":76.66},"functions":{"total":5,"covered":5,"skipped":0,"pct":100},"statements":{"total":33,"covered":26,"skipped":0,"pct":78.78},"branches":{"total":41,"covered":14,"skipped":0,"pct":34.14}}
,"/Users/Path/Desktop/Lokesh/HIRE-NEW-V1/backend/services/financial/disputeService.js": {"lines":{"total":72,"covered":10,"skipped":0,"pct":13.88},"functions":{"total":4,"covered":0,"skipped":0,"pct":0},"statements":{"total":73,"covered":10,"skipped":0,"pct":13.69},"branches":{"total":43,"covered":0,"skipped":0,"pct":0}}
,"/Users/Path/Desktop/Lokesh/HIRE-NEW-V1/backend/services/financial/escrowService.js": {"lines":{"total":190,"covered":91,"skipped":0,"pct":47.89},"functions":{"total":12,"covered":8,"skipped":0,"pct":66.66},"statements":{"total":194,"covered":92,"skipped":0,"pct":47.42},"branches":{"total":118,"covered":47,"skipped":0,"pct":39.83}}
,"/Users/Path/Desktop/Lokesh/HIRE-NEW-V1/backend/services/financial/fraudDetectionService.js": {"lines":{"total":50,"covered":18,"skipped":0,"pct":36},"functions":{"total":8,"covered":1,"skipped":0,"pct":12.5},"statements":{"total":56,"covered":19,"skipped":0,"pct":33.92},"branches":{"total":37,"covered":9,"skipped":0,"pct":24.32}}
,"/Users/Path/Desktop/Lokesh/HIRE-NEW-V1/backend/services/financial/idempotencyService.js": {"lines":{"total":40,"covered":9,"skipped":0,"pct":22.5},"functions":{"total":5,"covered":0,"skipped":0,"pct":0},"statements":{"total":44,"covered":9,"skipped":0,"pct":20.45},"branches":{"total":29,"covered":2,"skipped":0,"pct":6.89}}
,"/Users/Path/Desktop/Lokesh/HIRE-NEW-V1/backend/services/financial/idempotentRequestExecutor.js": {"lines":{"total":16,"covered":4,"skipped":0,"pct":25},"functions":{"total":2,"covered":0,"skipped":0,"pct":0},"statements":{"total":17,"covered":4,"skipped":0,"pct":23.52},"branches":{"total":11,"covered":0,"skipped":0,"pct":0}}
,"/Users/Path/Desktop/Lokesh/HIRE-NEW-V1/backend/services/financial/ledgerService.js": {"lines":{"total":67,"covered":46,"skipped":0,"pct":68.65},"functions":{"total":12,"covered":8,"skipped":0,"pct":66.66},"statements":{"total":72,"covered":49,"skipped":0,"pct":68.05},"branches":{"total":71,"covered":33,"skipped":0,"pct":46.47}}
,"/Users/Path/Desktop/Lokesh/HIRE-NEW-V1/backend/services/financial/paymentOrchestrationService.js": {"lines":{"total":162,"covered":19,"skipped":0,"pct":11.72},"functions":{"total":10,"covered":0,"skipped":0,"pct":0},"statements":{"total":164,"covered":19,"skipped":0,"pct":11.58},"branches":{"total":183,"covered":2,"skipped":0,"pct":1.09}}
,"/Users/Path/Desktop/Lokesh/HIRE-NEW-V1/backend/services/financial/subscriptionBillingService.js": {"lines":{"total":79,"covered":17,"skipped":0,"pct":21.51},"functions":{"total":11,"covered":0,"skipped":0,"pct":0},"statements":{"total":80,"covered":17,"skipped":0,"pct":21.25},"branches":{"total":58,"covered":4,"skipped":0,"pct":6.89}}
,"/Users/Path/Desktop/Lokesh/HIRE-NEW-V1/backend/services/financial/walletService.js": {"lines":{"total":11,"covered":7,"skipped":0,"pct":63.63},"functions":{"total":4,"covered":0,"skipped":0,"pct":0},"statements":{"total":14,"covered":7,"skipped":0,"pct":50},"branches":{"total":6,"covered":0,"skipped":0,"pct":0}}
,"/Users/Path/Desktop/Lokesh/HIRE-NEW-V1/backend/services/financial/withdrawalService.js": {"lines":{"total":80,"covered":12,"skipped":0,"pct":15},"functions":{"total":6,"covered":0,"skipped":0,"pct":0},"statements":{"total":82,"covered":12,"skipped":0,"pct":14.63},"branches":{"total":51,"covered":2,"skipped":0,"pct":3.92}}
,"/Users/Path/Desktop/Lokesh/HIRE-NEW-V1/backend/services/payments/paymentService.js": {"lines":{"total":22,"covered":9,"skipped":0,"pct":40.9},"functions":{"total":5,"covered":0,"skipped":0,"pct":0},"statements":{"total":22,"covered":9,"skipped":0,"pct":40.9},"branches":{"total":4,"covered":0,"skipped":0,"pct":0}}
,"/Users/Path/Desktop/Lokesh/HIRE-NEW-V1/backend/services/payments/providers/razorpayProvider.js": {"lines":{"total":67,"covered":13,"skipped":0,"pct":19.4},"functions":{"total":9,"covered":0,"skipped":0,"pct":0},"statements":{"total":68,"covered":13,"skipped":0,"pct":19.11},"branches":{"total":89,"covered":0,"skipped":0,"pct":0}}
,"/Users/Path/Desktop/Lokesh/HIRE-NEW-V1/backend/services/payments/providers/stripeProvider.js": {"lines":{"total":60,"covered":10,"skipped":0,"pct":16.66},"functions":{"total":7,"covered":0,"skipped":0,"pct":0},"statements":{"total":60,"covered":10,"skipped":0,"pct":16.66},"branches":{"total":75,"covered":0,"skipped":0,"pct":0}}
,"/Users/Path/Desktop/Lokesh/HIRE-NEW-V1/backend/utils/consoleBridge.js": {"lines":{"total":18,"covered":11,"skipped":0,"pct":61.11},"functions":{"total":6,"covered":1,"skipped":0,"pct":16.66},"statements":{"total":21,"covered":11,"skipped":0,"pct":52.38},"branches":{"total":8,"covered":1,"skipped":0,"pct":12.5}}
,"/Users/Path/Desktop/Lokesh/HIRE-NEW-V1/backend/utils/generateToken.js": {"lines":{"total":6,"covered":6,"skipped":0,"pct":100},"functions":{"total":2,"covered":2,"skipped":0,"pct":100},"statements":{"total":6,"covered":6,"skipped":0,"pct":100},"branches":{"total":2,"covered":0,"skipped":0,"pct":0}}
,"/Users/Path/Desktop/Lokesh/HIRE-NEW-V1/backend/utils/interviewLabels.js": {"lines":{"total":17,"covered":5,"skipped":0,"pct":29.41},"functions":{"total":4,"covered":0,"skipped":0,"pct":0},"statements":{"total":22,"covered":5,"skipped":0,"pct":22.72},"branches":{"total":12,"covered":0,"skipped":0,"pct":0}}
,"/Users/Path/Desktop/Lokesh/HIRE-NEW-V1/backend/utils/logger.js": {"lines":{"total":53,"covered":47,"skipped":0,"pct":88.67},"functions":{"total":9,"covered":7,"skipped":0,"pct":77.77},"statements":{"total":61,"covered":50,"skipped":0,"pct":81.96},"branches":{"total":52,"covered":37,"skipped":0,"pct":71.15}}
,"/Users/Path/Desktop/Lokesh/HIRE-NEW-V1/backend/utils/matchingAlgorithm.js": {"lines":{"total":61,"covered":30,"skipped":0,"pct":49.18},"functions":{"total":12,"covered":6,"skipped":0,"pct":50},"statements":{"total":74,"covered":34,"skipped":0,"pct":45.94},"branches":{"total":61,"covered":15,"skipped":0,"pct":24.59}}
,"/Users/Path/Desktop/Lokesh/HIRE-NEW-V1/backend/utils/pagination.js": {"lines":{"total":13,"covered":5,"skipped":0,"pct":38.46},"functions":{"total":2,"covered":0,"skipped":0,"pct":0},"statements":{"total":14,"covered":5,"skipped":0,"pct":35.71},"branches":{"total":7,"covered":0,"skipped":0,"pct":0}}
,"/Users/Path/Desktop/Lokesh/HIRE-NEW-V1/backend/utils/requestContext.js": {"lines":{"total":9,"covered":9,"skipped":0,"pct":100},"functions":{"total":3,"covered":3,"skipped":0,"pct":100},"statements":{"total":10,"covered":10,"skipped":0,"pct":100},"branches":{"total":6,"covered":5,"skipped":0,"pct":83.33}}
,"/Users/Path/Desktop/Lokesh/HIRE-NEW-V1/backend/utils/roleGuards.js": {"lines":{"total":26,"covered":18,"skipped":0,"pct":69.23},"functions":{"total":8,"covered":3,"skipped":0,"pct":37.5},"statements":{"total":33,"covered":19,"skipped":0,"pct":57.57},"branches":{"total":14,"covered":5,"skipped":0,"pct":35.71}}
,"/Users/Path/Desktop/Lokesh/HIRE-NEW-V1/backend/utils/sanitizeText.js": {"lines":{"total":9,"covered":8,"skipped":0,"pct":88.88},"functions":{"total":3,"covered":2,"skipped":0,"pct":66.66},"statements":{"total":11,"covered":9,"skipped":0,"pct":81.81},"branches":{"total":10,"covered":5,"skipped":0,"pct":50}}
,"/Users/Path/Desktop/Lokesh/HIRE-NEW-V1/backend/utils/secureCrypto.js": {"lines":{"total":27,"covered":8,"skipped":0,"pct":29.62},"functions":{"total":4,"covered":0,"skipped":0,"pct":0},"statements":{"total":27,"covered":8,"skipped":0,"pct":29.62},"branches":{"total":15,"covered":0,"skipped":0,"pct":0}}
,"/Users/Path/Desktop/Lokesh/HIRE-NEW-V1/backend/utils/sendEmail.js": {"lines":{"total":106,"covered":52,"skipped":0,"pct":49.05},"functions":{"total":7,"covered":5,"skipped":0,"pct":71.42},"statements":{"total":116,"covered":55,"skipped":0,"pct":47.41},"branches":{"total":114,"covered":33,"skipped":0,"pct":28.94}}
,"/Users/Path/Desktop/Lokesh/HIRE-NEW-V1/backend/utils/sendSms.js": {"lines":{"total":69,"covered":13,"skipped":0,"pct":18.84},"functions":{"total":6,"covered":0,"skipped":0,"pct":0},"statements":{"total":76,"covered":13,"skipped":0,"pct":17.1},"branches":{"total":76,"covered":0,"skipped":0,"pct":0}}
,"/Users/Path/Desktop/Lokesh/HIRE-NEW-V1/backend/utils/swagger.js": {"lines":{"total":3,"covered":3,"skipped":0,"pct":100},"functions":{"total":0,"covered":0,"skipped":0,"pct":100},"statements":{"total":3,"covered":3,"skipped":0,"pct":100},"branches":{"total":0,"covered":0,"skipped":0,"pct":100}}
,"/Users/Path/Desktop/Lokesh/HIRE-NEW-V1/backend/utils/timezone.js": {"lines":{"total":30,"covered":23,"skipped":0,"pct":76.66},"functions":{"total":7,"covered":4,"skipped":0,"pct":57.14},"statements":{"total":32,"covered":23,"skipped":0,"pct":71.87},"branches":{"total":24,"covered":9,"skipped":0,"pct":37.5}}
,"/Users/Path/Desktop/Lokesh/HIRE-NEW-V1/backend/utils/tokenService.js": {"lines":{"total":142,"covered":92,"skipped":0,"pct":64.78},"functions":{"total":27,"covered":22,"skipped":0,"pct":81.48},"statements":{"total":173,"covered":103,"skipped":0,"pct":59.53},"branches":{"total":124,"covered":50,"skipped":0,"pct":40.32}}
,"/Users/Path/Desktop/Lokesh/HIRE-NEW-V1/backend/utils/userRoleContract.js": {"lines":{"total":36,"covered":35,"skipped":0,"pct":97.22},"functions":{"total":7,"covered":7,"skipped":0,"pct":100},"statements":{"total":38,"covered":36,"skipped":0,"pct":94.73},"branches":{"total":45,"covered":33,"skipped":0,"pct":73.33}}
,"/Users/Path/Desktop/Lokesh/HIRE-NEW-V1/backend/workflow/applicationStateMachine.js": {"lines":{"total":37,"covered":32,"skipped":0,"pct":86.48},"functions":{"total":8,"covered":5,"skipped":0,"pct":62.5},"statements":{"total":42,"covered":34,"skipped":0,"pct":80.95},"branches":{"total":32,"covered":14,"skipped":0,"pct":43.75}}
}
